ansible-playbook 2.4.0 (devel 3a3bdde869) last updated 2017/07/25 11:24:04 (GMT -400)
  config file = /etc/ansible/ansible.cfg
  configured module search path = [u'/Users/dnewswan/.ansible/plugins/modules', u'/usr/share/ansible/plugins/modules']
  ansible python module location = /Users/dnewswan/code/ansible/lib/ansible
  executable location = /Users/dnewswan/code/ansible/bin/ansible-playbook
  python version = 2.7.13 (default, Apr  4 2017, 08:47:57) [GCC 4.2.1 Compatible Apple LLVM 8.1.0 (clang-802.0.38)]
Using /etc/ansible/ansible.cfg as config file
setting up inventory plugins
Parsed /Users/dnewswan/code/ansible/test/integration/inventory.network inventory source with ini plugin
[DEPRECATION WARNING]: The use of 'include' for tasks has been deprecated. Use 
'import_tasks' for static inclusions or 'include_tasks' for dynamic inclusions.

This feature will be removed in a future release. Deprecation warnings can be 
disabled by setting deprecation_warnings=False in ansible.cfg.
statically imported: /Users/dnewswan/code/ansible/test/integration/targets/eos_banner/tasks/cli.yaml
statically imported: /Users/dnewswan/code/ansible/test/integration/targets/eos_banner/tasks/eapi.yaml
statically imported: /Users/dnewswan/code/ansible/test/integration/targets/eos_command/tasks/cli.yaml
statically imported: /Users/dnewswan/code/ansible/test/integration/targets/eos_command/tasks/eapi.yaml
statically imported: /Users/dnewswan/code/ansible/test/integration/targets/eos_config/tasks/cli.yaml
statically imported: /Users/dnewswan/code/ansible/test/integration/targets/eos_config/tasks/eapi.yaml
statically imported: /Users/dnewswan/code/ansible/test/integration/targets/eos_template/tasks/cli.yaml
statically imported: /Users/dnewswan/code/ansible/test/integration/targets/eos_template/tasks/eapi.yaml
statically imported: /Users/dnewswan/code/ansible/test/integration/targets/eos_facts/tasks/cli.yaml
statically imported: /Users/dnewswan/code/ansible/test/integration/targets/eos_facts/tasks/eapi.yaml
statically imported: /Users/dnewswan/code/ansible/test/integration/targets/eos_eapi/tasks/cli.yaml
statically imported: /Users/dnewswan/code/ansible/test/integration/targets/eos_system/tasks/cli.yaml
statically imported: /Users/dnewswan/code/ansible/test/integration/targets/eos_system/tasks/eapi.yaml
statically imported: /Users/dnewswan/code/ansible/test/integration/targets/eos_user/tasks/cli.yaml
statically imported: /Users/dnewswan/code/ansible/test/integration/targets/eos_vlan/tasks/cli.yaml
statically imported: /Users/dnewswan/code/ansible/test/integration/targets/eos_vrf/tasks/cli.yaml
statically imported: /Users/dnewswan/code/ansible/test/integration/targets/eos_logging/tasks/cli.yaml
Loading callback plugin default of type stdout, v2.0 from /Users/dnewswan/code/ansible/lib/ansible/plugins/callback/__init__.pyc
Loading callback plugin test_plug of type notification, v2.0 from /Users/dnewswan/code/ansible/lib/ansible/plugins/callback/__init__.pyc

PLAYBOOK: eos.yaml *************************************************************
1 plays in eos.yaml

PLAY [eos] *********************************************************************
META: ran handlers

TASK [set_fact] ****************************************************************
task path: /Users/dnewswan/code/ansible/test/integration/eos.yaml:15
ok: [veos01] => {
    "ansible_facts": {
        "failed_modules": [], 
        "test_failed": false
    }, 
    "changed": false, 
    "failed": false
}

TASK [prepare_eos_tests : Enable Ethernet1 interface and disable switchport] ***
task path: /Users/dnewswan/code/ansible/test/integration/targets/prepare_eos_tests/tasks/main.yml:1
skipping: [veos01] => {
    "changed": false, 
    "skip_reason": "Conditional result was False", 
    "skipped": true
}

TASK [prepare_eos_tests : Enable Ethernet2 interface and disable switchport] ***
task path: /Users/dnewswan/code/ansible/test/integration/targets/prepare_eos_tests/tasks/main.yml:10
skipping: [veos01] => {
    "changed": false, 
    "skip_reason": "Conditional result was False", 
    "skipped": true
}

TASK [eos_banner : collect all cli test cases] *********************************
task path: /Users/dnewswan/code/ansible/test/integration/targets/eos_banner/tasks/cli.yaml:2
skipping: [veos01] => {
    "changed": false, 
    "skip_reason": "Conditional result was False", 
    "skipped": true
}

TASK [eos_banner : set test_items] *********************************************
task path: /Users/dnewswan/code/ansible/test/integration/targets/eos_banner/tasks/cli.yaml:8
skipping: [veos01] => {
    "changed": false, 
    "skip_reason": "Conditional result was False", 
    "skipped": true
}

TASK [eos_banner : run test case] **********************************************
task path: /Users/dnewswan/code/ansible/test/integration/targets/eos_banner/tasks/cli.yaml:11

TASK [eos_banner : collect all eapi test cases] ********************************
task path: /Users/dnewswan/code/ansible/test/integration/targets/eos_banner/tasks/eapi.yaml:2
skipping: [veos01] => {
    "changed": false, 
    "skip_reason": "Conditional result was False", 
    "skipped": true
}

TASK [eos_banner : set test_items] *********************************************
task path: /Users/dnewswan/code/ansible/test/integration/targets/eos_banner/tasks/eapi.yaml:8
skipping: [veos01] => {
    "changed": false, 
    "skip_reason": "Conditional result was False", 
    "skipped": true
}

TASK [eos_banner : enable eapi] ************************************************
task path: /Users/dnewswan/code/ansible/test/integration/targets/eos_banner/tasks/eapi.yaml:11
skipping: [veos01] => {
    "changed": false, 
    "skip_reason": "Conditional result was False", 
    "skipped": true
}

TASK [eos_banner : run test case] **********************************************
task path: /Users/dnewswan/code/ansible/test/integration/targets/eos_banner/tasks/eapi.yaml:19

TASK [eos_banner : disable eapi] ***********************************************
task path: /Users/dnewswan/code/ansible/test/integration/targets/eos_banner/tasks/eapi.yaml:25
skipping: [veos01] => {
    "changed": false, 
    "skip_reason": "Conditional result was False", 
    "skipped": true
}

TASK [prepare_eos_tests : Enable Ethernet1 interface and disable switchport] ***
task path: /Users/dnewswan/code/ansible/test/integration/targets/prepare_eos_tests/tasks/main.yml:1
skipping: [veos01] => {
    "changed": false, 
    "skip_reason": "Conditional result was False", 
    "skipped": true
}

TASK [prepare_eos_tests : Enable Ethernet2 interface and disable switchport] ***
task path: /Users/dnewswan/code/ansible/test/integration/targets/prepare_eos_tests/tasks/main.yml:10
skipping: [veos01] => {
    "changed": false, 
    "skip_reason": "Conditional result was False", 
    "skipped": true
}

TASK [eos_command : collect all cli test cases] ********************************
task path: /Users/dnewswan/code/ansible/test/integration/targets/eos_command/tasks/cli.yaml:2
skipping: [veos01] => {
    "changed": false, 
    "skip_reason": "Conditional result was False", 
    "skipped": true
}

TASK [eos_command : set test_items] ********************************************
task path: /Users/dnewswan/code/ansible/test/integration/targets/eos_command/tasks/cli.yaml:8
skipping: [veos01] => {
    "changed": false, 
    "skip_reason": "Conditional result was False", 
    "skipped": true
}

TASK [eos_command : run test case] *********************************************
task path: /Users/dnewswan/code/ansible/test/integration/targets/eos_command/tasks/cli.yaml:11
skipping: [veos01] => {
    "changed": false, 
    "skip_reason": "Conditional result was False", 
    "skipped": true
}

TASK [eos_command : collect all eapi test cases] *******************************
task path: /Users/dnewswan/code/ansible/test/integration/targets/eos_command/tasks/eapi.yaml:2
skipping: [veos01] => {
    "changed": false, 
    "skip_reason": "Conditional result was False", 
    "skipped": true
}

TASK [eos_command : set test_items] ********************************************
task path: /Users/dnewswan/code/ansible/test/integration/targets/eos_command/tasks/eapi.yaml:8
skipping: [veos01] => {
    "changed": false, 
    "skip_reason": "Conditional result was False", 
    "skipped": true
}

TASK [eos_command : enable eapi] ***********************************************
task path: /Users/dnewswan/code/ansible/test/integration/targets/eos_command/tasks/eapi.yaml:11
skipping: [veos01] => {
    "changed": false, 
    "skip_reason": "Conditional result was False", 
    "skipped": true
}

TASK [eos_command : run test case] *********************************************
task path: /Users/dnewswan/code/ansible/test/integration/targets/eos_command/tasks/eapi.yaml:19
skipping: [veos01] => {
    "changed": false, 
    "skip_reason": "Conditional result was False", 
    "skipped": true
}

TASK [eos_command : disable eapi] **********************************************
task path: /Users/dnewswan/code/ansible/test/integration/targets/eos_command/tasks/eapi.yaml:25
skipping: [veos01] => {
    "changed": false, 
    "skip_reason": "Conditional result was False", 
    "skipped": true
}

TASK [prepare_eos_tests : Enable Ethernet1 interface and disable switchport] ***
task path: /Users/dnewswan/code/ansible/test/integration/targets/prepare_eos_tests/tasks/main.yml:1
skipping: [veos01] => {
    "changed": false, 
    "skip_reason": "Conditional result was False", 
    "skipped": true
}

TASK [prepare_eos_tests : Enable Ethernet2 interface and disable switchport] ***
task path: /Users/dnewswan/code/ansible/test/integration/targets/prepare_eos_tests/tasks/main.yml:10
skipping: [veos01] => {
    "changed": false, 
    "skip_reason": "Conditional result was False", 
    "skipped": true
}

TASK [eos_config : collect all cli test cases] *********************************
task path: /Users/dnewswan/code/ansible/test/integration/targets/eos_config/tasks/cli.yaml:2
skipping: [veos01] => {
    "changed": false, 
    "skip_reason": "Conditional result was False", 
    "skipped": true
}

TASK [eos_config : set test_items] *********************************************
task path: /Users/dnewswan/code/ansible/test/integration/targets/eos_config/tasks/cli.yaml:8
skipping: [veos01] => {
    "changed": false, 
    "skip_reason": "Conditional result was False", 
    "skipped": true
}

TASK [eos_config : run test case] **********************************************
task path: /Users/dnewswan/code/ansible/test/integration/targets/eos_config/tasks/cli.yaml:11

TASK [eos_config : collect all eapi test cases] ********************************
task path: /Users/dnewswan/code/ansible/test/integration/targets/eos_config/tasks/eapi.yaml:2
skipping: [veos01] => {
    "changed": false, 
    "skip_reason": "Conditional result was False", 
    "skipped": true
}

TASK [eos_config : set test_items] *********************************************
task path: /Users/dnewswan/code/ansible/test/integration/targets/eos_config/tasks/eapi.yaml:8
skipping: [veos01] => {
    "changed": false, 
    "skip_reason": "Conditional result was False", 
    "skipped": true
}

TASK [eos_config : enable eapi] ************************************************
task path: /Users/dnewswan/code/ansible/test/integration/targets/eos_config/tasks/eapi.yaml:11
skipping: [veos01] => {
    "changed": false, 
    "skip_reason": "Conditional result was False", 
    "skipped": true
}

TASK [eos_config : run test case] **********************************************
task path: /Users/dnewswan/code/ansible/test/integration/targets/eos_config/tasks/eapi.yaml:19

TASK [eos_config : disable eapi] ***********************************************
task path: /Users/dnewswan/code/ansible/test/integration/targets/eos_config/tasks/eapi.yaml:25
skipping: [veos01] => {
    "changed": false, 
    "skip_reason": "Conditional result was False", 
    "skipped": true
}

TASK [prepare_eos_tests : Enable Ethernet1 interface and disable switchport] ***
task path: /Users/dnewswan/code/ansible/test/integration/targets/prepare_eos_tests/tasks/main.yml:1
skipping: [veos01] => {
    "changed": false, 
    "skip_reason": "Conditional result was False", 
    "skipped": true
}

TASK [prepare_eos_tests : Enable Ethernet2 interface and disable switchport] ***
task path: /Users/dnewswan/code/ansible/test/integration/targets/prepare_eos_tests/tasks/main.yml:10
skipping: [veos01] => {
    "changed": false, 
    "skip_reason": "Conditional result was False", 
    "skipped": true
}

TASK [eos_template : collect all cli test cases] *******************************
task path: /Users/dnewswan/code/ansible/test/integration/targets/eos_template/tasks/cli.yaml:2
skipping: [veos01] => {
    "changed": false, 
    "skip_reason": "Conditional result was False", 
    "skipped": true
}

TASK [eos_template : set test_items] *******************************************
task path: /Users/dnewswan/code/ansible/test/integration/targets/eos_template/tasks/cli.yaml:8
skipping: [veos01] => {
    "changed": false, 
    "skip_reason": "Conditional result was False", 
    "skipped": true
}

TASK [eos_template : run test case] ********************************************
task path: /Users/dnewswan/code/ansible/test/integration/targets/eos_template/tasks/cli.yaml:11
skipping: [veos01] => {
    "changed": false, 
    "skip_reason": "Conditional result was False", 
    "skipped": true
}

TASK [eos_template : collect all eapi test cases] ******************************
task path: /Users/dnewswan/code/ansible/test/integration/targets/eos_template/tasks/eapi.yaml:2
skipping: [veos01] => {
    "changed": false, 
    "skip_reason": "Conditional result was False", 
    "skipped": true
}

TASK [eos_template : set test_items] *******************************************
task path: /Users/dnewswan/code/ansible/test/integration/targets/eos_template/tasks/eapi.yaml:8
skipping: [veos01] => {
    "changed": false, 
    "skip_reason": "Conditional result was False", 
    "skipped": true
}

TASK [eos_template : enable eapi] **********************************************
task path: /Users/dnewswan/code/ansible/test/integration/targets/eos_template/tasks/eapi.yaml:11
skipping: [veos01] => {
    "changed": false, 
    "skip_reason": "Conditional result was False", 
    "skipped": true
}

TASK [eos_template : run test case] ********************************************
task path: /Users/dnewswan/code/ansible/test/integration/targets/eos_template/tasks/eapi.yaml:19
skipping: [veos01] => {
    "changed": false, 
    "skip_reason": "Conditional result was False", 
    "skipped": true
}

TASK [eos_template : disable eapi] *********************************************
task path: /Users/dnewswan/code/ansible/test/integration/targets/eos_template/tasks/eapi.yaml:25
skipping: [veos01] => {
    "changed": false, 
    "skip_reason": "Conditional result was False", 
    "skipped": true
}

TASK [prepare_eos_tests : Enable Ethernet1 interface and disable switchport] ***
task path: /Users/dnewswan/code/ansible/test/integration/targets/prepare_eos_tests/tasks/main.yml:1
skipping: [veos01] => {
    "changed": false, 
    "skip_reason": "Conditional result was False", 
    "skipped": true
}

TASK [prepare_eos_tests : Enable Ethernet2 interface and disable switchport] ***
task path: /Users/dnewswan/code/ansible/test/integration/targets/prepare_eos_tests/tasks/main.yml:10
skipping: [veos01] => {
    "changed": false, 
    "skip_reason": "Conditional result was False", 
    "skipped": true
}

TASK [eos_facts : collect all cli test cases] **********************************
task path: /Users/dnewswan/code/ansible/test/integration/targets/eos_facts/tasks/cli.yaml:2
skipping: [veos01] => {
    "changed": false, 
    "skip_reason": "Conditional result was False", 
    "skipped": true
}

TASK [eos_facts : set test_items] **********************************************
task path: /Users/dnewswan/code/ansible/test/integration/targets/eos_facts/tasks/cli.yaml:8
skipping: [veos01] => {
    "changed": false, 
    "skip_reason": "Conditional result was False", 
    "skipped": true
}

TASK [eos_facts : run test case] ***********************************************
task path: /Users/dnewswan/code/ansible/test/integration/targets/eos_facts/tasks/cli.yaml:11
skipping: [veos01] => {
    "changed": false, 
    "skip_reason": "Conditional result was False", 
    "skipped": true
}

TASK [eos_facts : collect all eapi test cases] *********************************
task path: /Users/dnewswan/code/ansible/test/integration/targets/eos_facts/tasks/eapi.yaml:2
skipping: [veos01] => {
    "changed": false, 
    "skip_reason": "Conditional result was False", 
    "skipped": true
}

TASK [eos_facts : set test_items] **********************************************
task path: /Users/dnewswan/code/ansible/test/integration/targets/eos_facts/tasks/eapi.yaml:8
skipping: [veos01] => {
    "changed": false, 
    "skip_reason": "Conditional result was False", 
    "skipped": true
}

TASK [eos_facts : enable eapi] *************************************************
task path: /Users/dnewswan/code/ansible/test/integration/targets/eos_facts/tasks/eapi.yaml:11
skipping: [veos01] => {
    "changed": false, 
    "skip_reason": "Conditional result was False", 
    "skipped": true
}

TASK [eos_facts : run test case] ***********************************************
task path: /Users/dnewswan/code/ansible/test/integration/targets/eos_facts/tasks/eapi.yaml:19
skipping: [veos01] => {
    "changed": false, 
    "skip_reason": "Conditional result was False", 
    "skipped": true
}

TASK [eos_facts : disable eapi] ************************************************
task path: /Users/dnewswan/code/ansible/test/integration/targets/eos_facts/tasks/eapi.yaml:25
skipping: [veos01] => {
    "changed": false, 
    "skip_reason": "Conditional result was False", 
    "skipped": true
}

TASK [prepare_eos_tests : Enable Ethernet1 interface and disable switchport] ***
task path: /Users/dnewswan/code/ansible/test/integration/targets/prepare_eos_tests/tasks/main.yml:1
skipping: [veos01] => {
    "changed": false, 
    "skip_reason": "Conditional result was False", 
    "skipped": true
}

TASK [prepare_eos_tests : Enable Ethernet2 interface and disable switchport] ***
task path: /Users/dnewswan/code/ansible/test/integration/targets/prepare_eos_tests/tasks/main.yml:10
skipping: [veos01] => {
    "changed": false, 
    "skip_reason": "Conditional result was False", 
    "skipped": true
}

TASK [eos_eapi : collect all cli test cases] ***********************************
task path: /Users/dnewswan/code/ansible/test/integration/targets/eos_eapi/tasks/cli.yaml:2
skipping: [veos01] => {
    "changed": false, 
    "skip_reason": "Conditional result was False", 
    "skipped": true
}

TASK [eos_eapi : set test_items] ***********************************************
task path: /Users/dnewswan/code/ansible/test/integration/targets/eos_eapi/tasks/cli.yaml:8
skipping: [veos01] => {
    "changed": false, 
    "skip_reason": "Conditional result was False", 
    "skipped": true
}

TASK [eos_eapi : run test case] ************************************************
task path: /Users/dnewswan/code/ansible/test/integration/targets/eos_eapi/tasks/cli.yaml:11

TASK [prepare_eos_tests : Enable Ethernet1 interface and disable switchport] ***
task path: /Users/dnewswan/code/ansible/test/integration/targets/prepare_eos_tests/tasks/main.yml:1
skipping: [veos01] => {
    "changed": false, 
    "skip_reason": "Conditional result was False", 
    "skipped": true
}

TASK [prepare_eos_tests : Enable Ethernet2 interface and disable switchport] ***
task path: /Users/dnewswan/code/ansible/test/integration/targets/prepare_eos_tests/tasks/main.yml:10
skipping: [veos01] => {
    "changed": false, 
    "skip_reason": "Conditional result was False", 
    "skipped": true
}

TASK [eos_system : collect all cli test cases] *********************************
task path: /Users/dnewswan/code/ansible/test/integration/targets/eos_system/tasks/cli.yaml:2
skipping: [veos01] => {
    "changed": false, 
    "skip_reason": "Conditional result was False", 
    "skipped": true
}

TASK [eos_system : set test_items] *********************************************
task path: /Users/dnewswan/code/ansible/test/integration/targets/eos_system/tasks/cli.yaml:8
skipping: [veos01] => {
    "changed": false, 
    "skip_reason": "Conditional result was False", 
    "skipped": true
}

TASK [eos_system : run test case] **********************************************
task path: /Users/dnewswan/code/ansible/test/integration/targets/eos_system/tasks/cli.yaml:11

TASK [eos_system : collect all eapi test cases] ********************************
task path: /Users/dnewswan/code/ansible/test/integration/targets/eos_system/tasks/eapi.yaml:2
skipping: [veos01] => {
    "changed": false, 
    "skip_reason": "Conditional result was False", 
    "skipped": true
}

TASK [eos_system : set test_items] *********************************************
task path: /Users/dnewswan/code/ansible/test/integration/targets/eos_system/tasks/eapi.yaml:8
skipping: [veos01] => {
    "changed": false, 
    "skip_reason": "Conditional result was False", 
    "skipped": true
}

TASK [eos_system : enable eapi] ************************************************
task path: /Users/dnewswan/code/ansible/test/integration/targets/eos_system/tasks/eapi.yaml:11
skipping: [veos01] => {
    "changed": false, 
    "skip_reason": "Conditional result was False", 
    "skipped": true
}

TASK [eos_system : run test case] **********************************************
task path: /Users/dnewswan/code/ansible/test/integration/targets/eos_system/tasks/eapi.yaml:19

TASK [eos_system : disable eapi] ***********************************************
task path: /Users/dnewswan/code/ansible/test/integration/targets/eos_system/tasks/eapi.yaml:25
skipping: [veos01] => {
    "changed": false, 
    "skip_reason": "Conditional result was False", 
    "skipped": true
}

TASK [prepare_eos_tests : Enable Ethernet1 interface and disable switchport] ***
task path: /Users/dnewswan/code/ansible/test/integration/targets/prepare_eos_tests/tasks/main.yml:1
skipping: [veos01] => {
    "changed": false, 
    "skip_reason": "Conditional result was False", 
    "skipped": true
}

TASK [prepare_eos_tests : Enable Ethernet2 interface and disable switchport] ***
task path: /Users/dnewswan/code/ansible/test/integration/targets/prepare_eos_tests/tasks/main.yml:10
skipping: [veos01] => {
    "changed": false, 
    "skip_reason": "Conditional result was False", 
    "skipped": true
}

TASK [eos_user : collect all cli test cases] ***********************************
task path: /Users/dnewswan/code/ansible/test/integration/targets/eos_user/tasks/cli.yaml:2
skipping: [veos01] => {
    "changed": false, 
    "skip_reason": "Conditional result was False", 
    "skipped": true
}

TASK [eos_user : set test_items] ***********************************************
task path: /Users/dnewswan/code/ansible/test/integration/targets/eos_user/tasks/cli.yaml:8
skipping: [veos01] => {
    "changed": false, 
    "skip_reason": "Conditional result was False", 
    "skipped": true
}

TASK [eos_user : run test case] ************************************************
task path: /Users/dnewswan/code/ansible/test/integration/targets/eos_user/tasks/cli.yaml:11
skipping: [veos01] => {
    "changed": false, 
    "skip_reason": "Conditional result was False", 
    "skipped": true
}

TASK [prepare_eos_tests : Enable Ethernet1 interface and disable switchport] ***
task path: /Users/dnewswan/code/ansible/test/integration/targets/prepare_eos_tests/tasks/main.yml:1
skipping: [veos01] => {
    "changed": false, 
    "skip_reason": "Conditional result was False", 
    "skipped": true
}

TASK [prepare_eos_tests : Enable Ethernet2 interface and disable switchport] ***
task path: /Users/dnewswan/code/ansible/test/integration/targets/prepare_eos_tests/tasks/main.yml:10
skipping: [veos01] => {
    "changed": false, 
    "skip_reason": "Conditional result was False", 
    "skipped": true
}

TASK [eos_vlan : collect all cli test cases] ***********************************
task path: /Users/dnewswan/code/ansible/test/integration/targets/eos_vlan/tasks/cli.yaml:2
skipping: [veos01] => {
    "changed": false, 
    "skip_reason": "Conditional result was False", 
    "skipped": true
}

TASK [eos_vlan : set test_items] ***********************************************
task path: /Users/dnewswan/code/ansible/test/integration/targets/eos_vlan/tasks/cli.yaml:8
skipping: [veos01] => {
    "changed": false, 
    "skip_reason": "Conditional result was False", 
    "skipped": true
}

TASK [eos_vlan : run test case] ************************************************
task path: /Users/dnewswan/code/ansible/test/integration/targets/eos_vlan/tasks/cli.yaml:11

TASK [prepare_eos_tests : Enable Ethernet1 interface and disable switchport] ***
task path: /Users/dnewswan/code/ansible/test/integration/targets/prepare_eos_tests/tasks/main.yml:1
skipping: [veos01] => {
    "changed": false, 
    "skip_reason": "Conditional result was False", 
    "skipped": true
}

TASK [prepare_eos_tests : Enable Ethernet2 interface and disable switchport] ***
task path: /Users/dnewswan/code/ansible/test/integration/targets/prepare_eos_tests/tasks/main.yml:10
skipping: [veos01] => {
    "changed": false, 
    "skip_reason": "Conditional result was False", 
    "skipped": true
}

TASK [eos_vrf : collect all cli test cases] ************************************
task path: /Users/dnewswan/code/ansible/test/integration/targets/eos_vrf/tasks/cli.yaml:2
skipping: [veos01] => {
    "changed": false, 
    "skip_reason": "Conditional result was False", 
    "skipped": true
}

TASK [eos_vrf : set test_items] ************************************************
task path: /Users/dnewswan/code/ansible/test/integration/targets/eos_vrf/tasks/cli.yaml:8
skipping: [veos01] => {
    "changed": false, 
    "skip_reason": "Conditional result was False", 
    "skipped": true
}

TASK [eos_vrf : run test case] *************************************************
task path: /Users/dnewswan/code/ansible/test/integration/targets/eos_vrf/tasks/cli.yaml:11

TASK [prepare_eos_tests : Enable Ethernet1 interface and disable switchport] ***
task path: /Users/dnewswan/code/ansible/test/integration/targets/prepare_eos_tests/tasks/main.yml:1
skipping: [veos01] => {
    "changed": false, 
    "skip_reason": "Conditional result was False", 
    "skipped": true
}

TASK [prepare_eos_tests : Enable Ethernet2 interface and disable switchport] ***
task path: /Users/dnewswan/code/ansible/test/integration/targets/prepare_eos_tests/tasks/main.yml:10
skipping: [veos01] => {
    "changed": false, 
    "skip_reason": "Conditional result was False", 
    "skipped": true
}

TASK [eos_logging : collect all cli test cases] ********************************
task path: /Users/dnewswan/code/ansible/test/integration/targets/eos_logging/tasks/cli.yaml:2
skipping: [veos01] => {
    "changed": false, 
    "skip_reason": "Conditional result was False", 
    "skipped": true
}

TASK [eos_logging : set test_items] ********************************************
task path: /Users/dnewswan/code/ansible/test/integration/targets/eos_logging/tasks/cli.yaml:8
skipping: [veos01] => {
    "changed": false, 
    "skip_reason": "Conditional result was False", 
    "skipped": true
}

TASK [eos_logging : run test case] *********************************************
task path: /Users/dnewswan/code/ansible/test/integration/targets/eos_logging/tasks/cli.yaml:11
skipping: [veos01] => {
    "changed": false, 
    "skip_reason": "Conditional result was False", 
    "skipped": true
}

TASK [debug] *******************************************************************
task path: /Users/dnewswan/code/ansible/test/integration/eos.yaml:118
skipping: [veos01] => {
    "skip_reason": "Conditional result was False"
}

TASK [Has any previous test failed?] *******************************************
task path: /Users/dnewswan/code/ansible/test/integration/eos.yaml:121
skipping: [veos01] => {
    "changed": false, 
    "skip_reason": "Conditional result was False", 
    "skipped": true
}
META: ran handlers
META: ran handlers

PLAY RECAP *********************************************************************
veos01                     : ok=1    changed=0    unreachable=0    failed=0   

