ansible-playbook 2.4.0 (devel 97aaf103e8) last updated 2017/07/31 08:30:14 (GMT -400)
  config file = /etc/ansible/ansible.cfg
  configured module search path = [u'/Users/dnewswan/.ansible/plugins/modules', u'/usr/share/ansible/plugins/modules']
  ansible python module location = /Users/dnewswan/code/concurrent_ci/ansible/lib/ansible
  executable location = /Users/dnewswan/code/concurrent_ci/ansible/bin/ansible-playbook
  python version = 2.7.13 (default, Apr  4 2017, 08:47:57) [GCC 4.2.1 Compatible Apple LLVM 8.1.0 (clang-802.0.38)]
Using /etc/ansible/ansible.cfg as config file
setting up inventory plugins
Parsed /Users/dnewswan/code/concurrent_ci/ansible/test/integration/#inventory.with_pass inventory source with ini plugin
[DEPRECATION WARNING]: The use of 'include' for tasks has been deprecated. Use 
'import_tasks' for static inclusions or 'include_tasks' for dynamic inclusions.

This feature will be removed in a future release. Deprecation warnings can be 
disabled by setting deprecation_warnings=False in ansible.cfg.
statically imported: /Users/dnewswan/code/concurrent_ci/ansible/test/integration/targets/ios_banner/tasks/cli.yaml
statically imported: /Users/dnewswan/code/concurrent_ci/ansible/test/integration/targets/ios_command/tasks/cli.yaml
statically imported: /Users/dnewswan/code/concurrent_ci/ansible/test/integration/targets/ios_config/tasks/cli.yaml
statically imported: /Users/dnewswan/code/concurrent_ci/ansible/test/integration/targets/ios_facts/tasks/cli.yaml
statically imported: /Users/dnewswan/code/concurrent_ci/ansible/test/integration/targets/ios_system/tasks/cli.yaml
statically imported: /Users/dnewswan/code/concurrent_ci/ansible/test/integration/targets/ios_user/tasks/cli.yaml
statically imported: /Users/dnewswan/code/concurrent_ci/ansible/test/integration/targets/ios_static_route/tasks/cli.yaml
statically imported: /Users/dnewswan/code/concurrent_ci/ansible/test/integration/targets/ios_logging/tasks/cli.yaml
Loading callback plugin default of type stdout, v2.0 from /Users/dnewswan/code/concurrent_ci/ansible/lib/ansible/plugins/callback/__init__.pyc
Loading callback plugin test_plug of type notification, v2.0 from /Users/dnewswan/code/concurrent_ci/ansible/lib/ansible/plugins/callback/__init__.pyc

PLAYBOOK: ios.yaml *************************************************************
1 plays in ios.yaml

PLAY [ios] *********************************************************************
META: ran handlers

TASK [set_fact] ****************************************************************
task path: /Users/dnewswan/code/concurrent_ci/ansible/test/integration/ios.yaml:14
ok: [ios01] => {
    "ansible_facts": {
        "failed_modules": [], 
        "test_failed": false
    }, 
    "changed": false, 
    "failed": false
}

TASK [prepare_ios_tests : Ensure we have loopback 888 for testing] *************
task path: /Users/dnewswan/code/concurrent_ci/ansible/test/integration/targets/prepare_ios_tests/tasks/main.yml:3
<ios01> using connection plugin network_cli
<ios01> socket_path: /Users/dnewswan/.ansible/pc/e9c21a7b4c
Using module_utils file /Users/dnewswan/code/concurrent_ci/ansible/lib/ansible/module_utils/basic.py
Using module_utils file /Users/dnewswan/code/concurrent_ci/ansible/lib/ansible/module_utils/netcfg.py
Using module_utils file /Users/dnewswan/code/concurrent_ci/ansible/lib/ansible/module_utils/netcli.py
Using module_utils file /Users/dnewswan/code/concurrent_ci/ansible/lib/ansible/module_utils/six/__init__.py
Using module_utils file /Users/dnewswan/code/concurrent_ci/ansible/lib/ansible/module_utils/ios.py
Using module_utils file /Users/dnewswan/code/concurrent_ci/ansible/lib/ansible/module_utils/_text.py
Using module_utils file /Users/dnewswan/code/concurrent_ci/ansible/lib/ansible/module_utils/parsing/convert_bool.py
Using module_utils file /Users/dnewswan/code/concurrent_ci/ansible/lib/ansible/module_utils/parsing/__init__.py
Using module_utils file /Users/dnewswan/code/concurrent_ci/ansible/lib/ansible/module_utils/pycompat24.py
Using module_utils file /Users/dnewswan/code/concurrent_ci/ansible/lib/ansible/module_utils/network_common.py
Using module_utils file /Users/dnewswan/code/concurrent_ci/ansible/lib/ansible/module_utils/connection.py
Using module file /Users/dnewswan/code/concurrent_ci/ansible/lib/ansible/modules/network/ios/ios_config.py
<ios01> ESTABLISH LOCAL CONNECTION FOR USER: dnewswan
<ios01> EXEC /bin/sh -c 'echo ~ && sleep 0'
<ios01> EXEC /bin/sh -c '( umask 77 && mkdir -p "` echo /Users/dnewswan/.ansible/tmp/ansible-tmp-1501504524.88-121186809311373 `" && echo ansible-tmp-1501504524.88-121186809311373="` echo /Users/dnewswan/.ansible/tmp/ansible-tmp-1501504524.88-121186809311373 `" ) && sleep 0'
<ios01> PUT /var/folders/ql/d9_087wj4cd10grvwzxmk4hc0000gn/T/tmpn6UEad TO /Users/dnewswan/.ansible/tmp/ansible-tmp-1501504524.88-121186809311373/ios_config.py
<ios01> EXEC /bin/sh -c 'chmod u+x /Users/dnewswan/.ansible/tmp/ansible-tmp-1501504524.88-121186809311373/ /Users/dnewswan/.ansible/tmp/ansible-tmp-1501504524.88-121186809311373/ios_config.py && sleep 0'
<ios01> EXEC /bin/sh -c 'python /Users/dnewswan/.ansible/tmp/ansible-tmp-1501504524.88-121186809311373/ios_config.py; rm -rf "/Users/dnewswan/.ansible/tmp/ansible-tmp-1501504524.88-121186809311373/" > /dev/null 2>&1 && sleep 0'
ok: [ios01] => {
    "changed": false, 
    "failed": false, 
    "invocation": {
        "module_args": {
            "after": null, 
            "auth_pass": null, 
            "authorize": null, 
            "backup": false, 
            "before": null, 
            "defaults": false, 
            "diff_against": null, 
            "diff_ignore_lines": null, 
            "force": false, 
            "host": null, 
            "intended_config": null, 
            "lines": null, 
            "match": "line", 
            "multiline_delimiter": "@", 
            "parents": null, 
            "password": null, 
            "port": null, 
            "provider": {
                "auth_pass": null, 
                "authorize": null, 
                "host": "ios01", 
                "password": "VALUE_SPECIFIED_IN_NO_LOG_PARAMETER", 
                "port": null, 
                "ssh_keyfile": null, 
                "timeout": null, 
                "transport": "cli", 
                "username": "VALUE_SPECIFIED_IN_NO_LOG_PARAMETER"
            }, 
            "replace": "line", 
            "running_config": null, 
            "save": false, 
            "save_when": "never", 
            "src": "interface Loopback888\n description test for ansible\n shutdown\n\n", 
            "ssh_keyfile": null, 
            "timeout": null, 
            "username": null
        }
    }
}

TASK [prepare_ios_tests : set_fact] ********************************************
task path: /Users/dnewswan/code/concurrent_ci/ansible/test/integration/targets/prepare_ios_tests/tasks/main.yml:12
ok: [ios01] => {
    "ansible_facts": {
        "shorter_hostname": "ios01"
    }, 
    "changed": false, 
    "failed": false
}

TASK [ios_banner : collect all cli test cases] *********************************
task path: /Users/dnewswan/code/concurrent_ci/ansible/test/integration/targets/ios_banner/tasks/cli.yaml:2
Using module_utils file /Users/dnewswan/code/concurrent_ci/ansible/lib/ansible/module_utils/basic.py
Using module_utils file /Users/dnewswan/code/concurrent_ci/ansible/lib/ansible/module_utils/_text.py
Using module_utils file /Users/dnewswan/code/concurrent_ci/ansible/lib/ansible/module_utils/parsing/convert_bool.py
Using module_utils file /Users/dnewswan/code/concurrent_ci/ansible/lib/ansible/module_utils/parsing/__init__.py
Using module_utils file /Users/dnewswan/code/concurrent_ci/ansible/lib/ansible/module_utils/pycompat24.py
Using module_utils file /Users/dnewswan/code/concurrent_ci/ansible/lib/ansible/module_utils/six/__init__.py
Using module file /Users/dnewswan/code/concurrent_ci/ansible/lib/ansible/modules/files/find.py
<ios01> ESTABLISH LOCAL CONNECTION FOR USER: dnewswan
<ios01> EXEC /bin/sh -c 'echo ~ && sleep 0'
<ios01> EXEC /bin/sh -c '( umask 77 && mkdir -p "` echo /Users/dnewswan/.ansible/tmp/ansible-tmp-1501504530.4-110432688976297 `" && echo ansible-tmp-1501504530.4-110432688976297="` echo /Users/dnewswan/.ansible/tmp/ansible-tmp-1501504530.4-110432688976297 `" ) && sleep 0'
<ios01> PUT /var/folders/ql/d9_087wj4cd10grvwzxmk4hc0000gn/T/tmpA8qAAd TO /Users/dnewswan/.ansible/tmp/ansible-tmp-1501504530.4-110432688976297/find.py
<ios01> EXEC /bin/sh -c 'chmod u+x /Users/dnewswan/.ansible/tmp/ansible-tmp-1501504530.4-110432688976297/ /Users/dnewswan/.ansible/tmp/ansible-tmp-1501504530.4-110432688976297/find.py && sleep 0'
<ios01> EXEC /bin/sh -c 'python /Users/dnewswan/.ansible/tmp/ansible-tmp-1501504530.4-110432688976297/find.py; rm -rf "/Users/dnewswan/.ansible/tmp/ansible-tmp-1501504530.4-110432688976297/" > /dev/null 2>&1 && sleep 0'
ok: [ios01] => {
    "changed": false, 
    "examined": 3, 
    "failed": false, 
    "files": [
        {
            "atime": 1501252488.0, 
            "ctime": 1501081937.0, 
            "dev": 16777220, 
            "gid": 20, 
            "inode": 2693651, 
            "isblk": false, 
            "ischr": false, 
            "isdir": false, 
            "isfifo": false, 
            "isgid": false, 
            "islnk": false, 
            "isreg": true, 
            "issock": false, 
            "isuid": false, 
            "mode": "0644", 
            "mtime": 1501081937.0, 
            "nlink": 1, 
            "path": "/Users/dnewswan/code/concurrent_ci/ansible/test/integration/targets/ios_banner/tests/cli/basic-login.yaml", 
            "rgrp": true, 
            "roth": true, 
            "rusr": true, 
            "size": 1012, 
            "uid": 501, 
            "wgrp": false, 
            "woth": false, 
            "wusr": true, 
            "xgrp": false, 
            "xoth": false, 
            "xusr": false
        }, 
        {
            "atime": 1501252489.0, 
            "ctime": 1501081937.0, 
            "dev": 16777220, 
            "gid": 20, 
            "inode": 2693652, 
            "isblk": false, 
            "ischr": false, 
            "isdir": false, 
            "isfifo": false, 
            "isgid": false, 
            "islnk": false, 
            "isreg": true, 
            "issock": false, 
            "isuid": false, 
            "mode": "0644", 
            "mtime": 1501081937.0, 
            "nlink": 1, 
            "path": "/Users/dnewswan/code/concurrent_ci/ansible/test/integration/targets/ios_banner/tests/cli/basic-motd.yaml", 
            "rgrp": true, 
            "roth": true, 
            "rusr": true, 
            "size": 1002, 
            "uid": 501, 
            "wgrp": false, 
            "woth": false, 
            "wusr": true, 
            "xgrp": false, 
            "xoth": false, 
            "xusr": false
        }, 
        {
            "atime": 1501252489.0, 
            "ctime": 1501081937.0, 
            "dev": 16777220, 
            "gid": 20, 
            "inode": 2693653, 
            "isblk": false, 
            "ischr": false, 
            "isdir": false, 
            "isfifo": false, 
            "isgid": false, 
            "islnk": false, 
            "isreg": true, 
            "issock": false, 
            "isuid": false, 
            "mode": "0644", 
            "mtime": 1501081937.0, 
            "nlink": 1, 
            "path": "/Users/dnewswan/code/concurrent_ci/ansible/test/integration/targets/ios_banner/tests/cli/basic-no-login.yaml", 
            "rgrp": true, 
            "roth": true, 
            "rusr": true, 
            "size": 873, 
            "uid": 501, 
            "wgrp": false, 
            "woth": false, 
            "wusr": true, 
            "xgrp": false, 
            "xoth": false, 
            "xusr": false
        }
    ], 
    "invocation": {
        "module_args": {
            "age": null, 
            "age_stamp": "mtime", 
            "contains": null, 
            "file_type": "file", 
            "follow": false, 
            "get_checksum": false, 
            "hidden": false, 
            "paths": [
                "/Users/dnewswan/code/concurrent_ci/ansible/test/integration/targets/ios_banner/tests/cli"
            ], 
            "patterns": [
                "*.yaml"
            ], 
            "recurse": false, 
            "size": null, 
            "use_regex": false
        }
    }, 
    "matched": 3, 
    "msg": ""
}

TASK [ios_banner : set test_items] *********************************************
task path: /Users/dnewswan/code/concurrent_ci/ansible/test/integration/targets/ios_banner/tasks/cli.yaml:8
ok: [ios01] => {
    "ansible_facts": {
        "test_items": [
            "/Users/dnewswan/code/concurrent_ci/ansible/test/integration/targets/ios_banner/tests/cli/basic-login.yaml", 
            "/Users/dnewswan/code/concurrent_ci/ansible/test/integration/targets/ios_banner/tests/cli/basic-motd.yaml", 
            "/Users/dnewswan/code/concurrent_ci/ansible/test/integration/targets/ios_banner/tests/cli/basic-no-login.yaml"
        ]
    }, 
    "changed": false, 
    "failed": false
}

TASK [ios_banner : run test case] **********************************************
task path: /Users/dnewswan/code/concurrent_ci/ansible/test/integration/targets/ios_banner/tasks/cli.yaml:11
included: /Users/dnewswan/code/concurrent_ci/ansible/test/integration/targets/ios_banner/tests/cli/basic-login.yaml for ios01
included: /Users/dnewswan/code/concurrent_ci/ansible/test/integration/targets/ios_banner/tests/cli/basic-motd.yaml for ios01
included: /Users/dnewswan/code/concurrent_ci/ansible/test/integration/targets/ios_banner/tests/cli/basic-no-login.yaml for ios01

TASK [ios_banner : setup - remove login] ***************************************
task path: /Users/dnewswan/code/concurrent_ci/ansible/test/integration/targets/ios_banner/tests/cli/basic-login.yaml:3
<ios01> using connection plugin network_cli
<ios01> socket_path: /Users/dnewswan/.ansible/pc/e9c21a7b4c
Using module_utils file /Users/dnewswan/code/concurrent_ci/ansible/lib/ansible/module_utils/basic.py
Using module_utils file /Users/dnewswan/code/concurrent_ci/ansible/lib/ansible/module_utils/connection.py
Using module_utils file /Users/dnewswan/code/concurrent_ci/ansible/lib/ansible/module_utils/ios.py
Using module_utils file /Users/dnewswan/code/concurrent_ci/ansible/lib/ansible/module_utils/_text.py
Using module_utils file /Users/dnewswan/code/concurrent_ci/ansible/lib/ansible/module_utils/parsing/convert_bool.py
Using module_utils file /Users/dnewswan/code/concurrent_ci/ansible/lib/ansible/module_utils/parsing/__init__.py
Using module_utils file /Users/dnewswan/code/concurrent_ci/ansible/lib/ansible/module_utils/pycompat24.py
Using module_utils file /Users/dnewswan/code/concurrent_ci/ansible/lib/ansible/module_utils/six/__init__.py
Using module_utils file /Users/dnewswan/code/concurrent_ci/ansible/lib/ansible/module_utils/network_common.py
Using module file /Users/dnewswan/code/concurrent_ci/ansible/lib/ansible/modules/network/ios/ios_banner.py
<ios01> ESTABLISH LOCAL CONNECTION FOR USER: dnewswan
<ios01> EXEC /bin/sh -c 'echo ~ && sleep 0'
<ios01> EXEC /bin/sh -c '( umask 77 && mkdir -p "` echo /Users/dnewswan/.ansible/tmp/ansible-tmp-1501504536.0-108120781419555 `" && echo ansible-tmp-1501504536.0-108120781419555="` echo /Users/dnewswan/.ansible/tmp/ansible-tmp-1501504536.0-108120781419555 `" ) && sleep 0'
<ios01> PUT /var/folders/ql/d9_087wj4cd10grvwzxmk4hc0000gn/T/tmp3i5V6s TO /Users/dnewswan/.ansible/tmp/ansible-tmp-1501504536.0-108120781419555/ios_banner.py
<ios01> EXEC /bin/sh -c 'chmod u+x /Users/dnewswan/.ansible/tmp/ansible-tmp-1501504536.0-108120781419555/ /Users/dnewswan/.ansible/tmp/ansible-tmp-1501504536.0-108120781419555/ios_banner.py && sleep 0'
<ios01> EXEC /bin/sh -c 'python /Users/dnewswan/.ansible/tmp/ansible-tmp-1501504536.0-108120781419555/ios_banner.py; rm -rf "/Users/dnewswan/.ansible/tmp/ansible-tmp-1501504536.0-108120781419555/" > /dev/null 2>&1 && sleep 0'
ok: [ios01] => {
    "changed": false, 
    "commands": [], 
    "failed": false, 
    "invocation": {
        "module_args": {
            "auth_pass": null, 
            "authorize": true, 
            "banner": "login", 
            "host": null, 
            "password": null, 
            "port": null, 
            "provider": {
                "auth_pass": null, 
                "authorize": true, 
                "host": "ios01", 
                "password": "VALUE_SPECIFIED_IN_NO_LOG_PARAMETER", 
                "port": null, 
                "ssh_keyfile": null, 
                "timeout": null, 
                "transport": "cli", 
                "username": "VALUE_SPECIFIED_IN_NO_LOG_PARAMETER"
            }, 
            "ssh_keyfile": null, 
            "state": "absent", 
            "text": null, 
            "timeout": null, 
            "username": null
        }
    }
}

TASK [ios_banner : Set login] **************************************************
task path: /Users/dnewswan/code/concurrent_ci/ansible/test/integration/targets/ios_banner/tests/cli/basic-login.yaml:10
<ios01> using connection plugin network_cli
<ios01> socket_path: /Users/dnewswan/.ansible/pc/e9c21a7b4c
Using module file /Users/dnewswan/code/concurrent_ci/ansible/lib/ansible/modules/network/ios/ios_banner.py
<ios01> ESTABLISH LOCAL CONNECTION FOR USER: dnewswan
<ios01> EXEC /bin/sh -c 'echo ~ && sleep 0'
<ios01> EXEC /bin/sh -c '( umask 77 && mkdir -p "` echo /Users/dnewswan/.ansible/tmp/ansible-tmp-1501504542.27-51901384417127 `" && echo ansible-tmp-1501504542.27-51901384417127="` echo /Users/dnewswan/.ansible/tmp/ansible-tmp-1501504542.27-51901384417127 `" ) && sleep 0'
<ios01> PUT /var/folders/ql/d9_087wj4cd10grvwzxmk4hc0000gn/T/tmp74PZjS TO /Users/dnewswan/.ansible/tmp/ansible-tmp-1501504542.27-51901384417127/ios_banner.py
<ios01> EXEC /bin/sh -c 'chmod u+x /Users/dnewswan/.ansible/tmp/ansible-tmp-1501504542.27-51901384417127/ /Users/dnewswan/.ansible/tmp/ansible-tmp-1501504542.27-51901384417127/ios_banner.py && sleep 0'
<ios01> EXEC /bin/sh -c 'python /Users/dnewswan/.ansible/tmp/ansible-tmp-1501504542.27-51901384417127/ios_banner.py; rm -rf "/Users/dnewswan/.ansible/tmp/ansible-tmp-1501504542.27-51901384417127/" > /dev/null 2>&1 && sleep 0'
changed: [ios01] => {
    "changed": true, 
    "commands": [
        "banner login @\nthis is my login banner\nthat has a multiline\nstring\n@"
    ], 
    "failed": false, 
    "invocation": {
        "module_args": {
            "auth_pass": null, 
            "authorize": true, 
            "banner": "login", 
            "host": null, 
            "password": null, 
            "port": null, 
            "provider": {
                "auth_pass": null, 
                "authorize": true, 
                "host": "ios01", 
                "password": "VALUE_SPECIFIED_IN_NO_LOG_PARAMETER", 
                "port": null, 
                "ssh_keyfile": null, 
                "timeout": null, 
                "transport": "cli", 
                "username": "VALUE_SPECIFIED_IN_NO_LOG_PARAMETER"
            }, 
            "ssh_keyfile": null, 
            "state": "present", 
            "text": "this is my login banner\nthat has a multiline\nstring\n", 
            "timeout": null, 
            "username": null
        }
    }
}

TASK [ios_banner : debug] ******************************************************
task path: /Users/dnewswan/code/concurrent_ci/ansible/test/integration/targets/ios_banner/tests/cli/basic-login.yaml:22
ok: [ios01] => {
    "msg": {
        "changed": true, 
        "commands": [
            "banner login @\nthis is my login banner\nthat has a multiline\nstring\n@"
        ], 
        "failed": false
    }
}

TASK [ios_banner : assert] *****************************************************
task path: /Users/dnewswan/code/concurrent_ci/ansible/test/integration/targets/ios_banner/tests/cli/basic-login.yaml:25
ok: [ios01] => {
    "changed": false, 
    "failed": false, 
    "msg": "All assertions passed"
}

TASK [ios_banner : Set login again (idempotent)] *******************************
task path: /Users/dnewswan/code/concurrent_ci/ansible/test/integration/targets/ios_banner/tests/cli/basic-login.yaml:30
<ios01> using connection plugin network_cli
<ios01> socket_path: /Users/dnewswan/.ansible/pc/e9c21a7b4c
Using module file /Users/dnewswan/code/concurrent_ci/ansible/lib/ansible/modules/network/ios/ios_banner.py
<ios01> ESTABLISH LOCAL CONNECTION FOR USER: dnewswan
<ios01> EXEC /bin/sh -c 'echo ~ && sleep 0'
<ios01> EXEC /bin/sh -c '( umask 77 && mkdir -p "` echo /Users/dnewswan/.ansible/tmp/ansible-tmp-1501504548.75-145378367892361 `" && echo ansible-tmp-1501504548.75-145378367892361="` echo /Users/dnewswan/.ansible/tmp/ansible-tmp-1501504548.75-145378367892361 `" ) && sleep 0'
<ios01> PUT /var/folders/ql/d9_087wj4cd10grvwzxmk4hc0000gn/T/tmpE_HVOA TO /Users/dnewswan/.ansible/tmp/ansible-tmp-1501504548.75-145378367892361/ios_banner.py
<ios01> EXEC /bin/sh -c 'chmod u+x /Users/dnewswan/.ansible/tmp/ansible-tmp-1501504548.75-145378367892361/ /Users/dnewswan/.ansible/tmp/ansible-tmp-1501504548.75-145378367892361/ios_banner.py && sleep 0'
<ios01> EXEC /bin/sh -c 'python /Users/dnewswan/.ansible/tmp/ansible-tmp-1501504548.75-145378367892361/ios_banner.py; rm -rf "/Users/dnewswan/.ansible/tmp/ansible-tmp-1501504548.75-145378367892361/" > /dev/null 2>&1 && sleep 0'
ok: [ios01] => {
    "changed": false, 
    "commands": [], 
    "failed": false, 
    "invocation": {
        "module_args": {
            "auth_pass": null, 
            "authorize": true, 
            "banner": "login", 
            "host": null, 
            "password": null, 
            "port": null, 
            "provider": {
                "auth_pass": null, 
                "authorize": true, 
                "host": "ios01", 
                "password": "VALUE_SPECIFIED_IN_NO_LOG_PARAMETER", 
                "port": null, 
                "ssh_keyfile": null, 
                "timeout": null, 
                "transport": "cli", 
                "username": "VALUE_SPECIFIED_IN_NO_LOG_PARAMETER"
            }, 
            "ssh_keyfile": null, 
            "state": "present", 
            "text": "this is my login banner\nthat has a multiline\nstring\n", 
            "timeout": null, 
            "username": null
        }
    }
}

TASK [ios_banner : assert] *****************************************************
task path: /Users/dnewswan/code/concurrent_ci/ansible/test/integration/targets/ios_banner/tests/cli/basic-login.yaml:42
ok: [ios01] => {
    "changed": false, 
    "failed": false, 
    "msg": "All assertions passed"
}

TASK [ios_banner : setup - remove motd] ****************************************
task path: /Users/dnewswan/code/concurrent_ci/ansible/test/integration/targets/ios_banner/tests/cli/basic-motd.yaml:3
<ios01> using connection plugin network_cli
<ios01> socket_path: /Users/dnewswan/.ansible/pc/e9c21a7b4c
Using module file /Users/dnewswan/code/concurrent_ci/ansible/lib/ansible/modules/network/ios/ios_banner.py
<ios01> ESTABLISH LOCAL CONNECTION FOR USER: dnewswan
<ios01> EXEC /bin/sh -c 'echo ~ && sleep 0'
<ios01> EXEC /bin/sh -c '( umask 77 && mkdir -p "` echo /Users/dnewswan/.ansible/tmp/ansible-tmp-1501504554.11-82410648302124 `" && echo ansible-tmp-1501504554.11-82410648302124="` echo /Users/dnewswan/.ansible/tmp/ansible-tmp-1501504554.11-82410648302124 `" ) && sleep 0'
<ios01> PUT /var/folders/ql/d9_087wj4cd10grvwzxmk4hc0000gn/T/tmp_GlwN6 TO /Users/dnewswan/.ansible/tmp/ansible-tmp-1501504554.11-82410648302124/ios_banner.py
<ios01> EXEC /bin/sh -c 'chmod u+x /Users/dnewswan/.ansible/tmp/ansible-tmp-1501504554.11-82410648302124/ /Users/dnewswan/.ansible/tmp/ansible-tmp-1501504554.11-82410648302124/ios_banner.py && sleep 0'
<ios01> EXEC /bin/sh -c 'python /Users/dnewswan/.ansible/tmp/ansible-tmp-1501504554.11-82410648302124/ios_banner.py; rm -rf "/Users/dnewswan/.ansible/tmp/ansible-tmp-1501504554.11-82410648302124/" > /dev/null 2>&1 && sleep 0'
changed: [ios01] => {
    "changed": true, 
    "commands": [
        "no banner motd"
    ], 
    "failed": false, 
    "invocation": {
        "module_args": {
            "auth_pass": null, 
            "authorize": true, 
            "banner": "motd", 
            "host": null, 
            "password": null, 
            "port": null, 
            "provider": {
                "auth_pass": null, 
                "authorize": true, 
                "host": "ios01", 
                "password": "VALUE_SPECIFIED_IN_NO_LOG_PARAMETER", 
                "port": null, 
                "ssh_keyfile": null, 
                "timeout": null, 
                "transport": "cli", 
                "username": "VALUE_SPECIFIED_IN_NO_LOG_PARAMETER"
            }, 
            "ssh_keyfile": null, 
            "state": "absent", 
            "text": null, 
            "timeout": null, 
            "username": null
        }
    }
}

TASK [ios_banner : Set motd] ***************************************************
task path: /Users/dnewswan/code/concurrent_ci/ansible/test/integration/targets/ios_banner/tests/cli/basic-motd.yaml:10
<ios01> using connection plugin network_cli
<ios01> socket_path: /Users/dnewswan/.ansible/pc/e9c21a7b4c
Using module file /Users/dnewswan/code/concurrent_ci/ansible/lib/ansible/modules/network/ios/ios_banner.py
<ios01> ESTABLISH LOCAL CONNECTION FOR USER: dnewswan
<ios01> EXEC /bin/sh -c 'echo ~ && sleep 0'
<ios01> EXEC /bin/sh -c '( umask 77 && mkdir -p "` echo /Users/dnewswan/.ansible/tmp/ansible-tmp-1501504561.36-265612844847759 `" && echo ansible-tmp-1501504561.36-265612844847759="` echo /Users/dnewswan/.ansible/tmp/ansible-tmp-1501504561.36-265612844847759 `" ) && sleep 0'
<ios01> PUT /var/folders/ql/d9_087wj4cd10grvwzxmk4hc0000gn/T/tmp2NGS4G TO /Users/dnewswan/.ansible/tmp/ansible-tmp-1501504561.36-265612844847759/ios_banner.py
<ios01> EXEC /bin/sh -c 'chmod u+x /Users/dnewswan/.ansible/tmp/ansible-tmp-1501504561.36-265612844847759/ /Users/dnewswan/.ansible/tmp/ansible-tmp-1501504561.36-265612844847759/ios_banner.py && sleep 0'
<ios01> EXEC /bin/sh -c 'python /Users/dnewswan/.ansible/tmp/ansible-tmp-1501504561.36-265612844847759/ios_banner.py; rm -rf "/Users/dnewswan/.ansible/tmp/ansible-tmp-1501504561.36-265612844847759/" > /dev/null 2>&1 && sleep 0'
changed: [ios01] => {
    "changed": true, 
    "commands": [
        "banner motd @\nthis is my motd banner\nthat has a multiline\nstring\n@"
    ], 
    "failed": false, 
    "invocation": {
        "module_args": {
            "auth_pass": null, 
            "authorize": true, 
            "banner": "motd", 
            "host": null, 
            "password": null, 
            "port": null, 
            "provider": {
                "auth_pass": null, 
                "authorize": true, 
                "host": "ios01", 
                "password": "VALUE_SPECIFIED_IN_NO_LOG_PARAMETER", 
                "port": null, 
                "ssh_keyfile": null, 
                "timeout": null, 
                "transport": "cli", 
                "username": "VALUE_SPECIFIED_IN_NO_LOG_PARAMETER"
            }, 
            "ssh_keyfile": null, 
            "state": "present", 
            "text": "this is my motd banner\nthat has a multiline\nstring\n", 
            "timeout": null, 
            "username": null
        }
    }
}

TASK [ios_banner : debug] ******************************************************
task path: /Users/dnewswan/code/concurrent_ci/ansible/test/integration/targets/ios_banner/tests/cli/basic-motd.yaml:22
ok: [ios01] => {
    "msg": {
        "changed": true, 
        "commands": [
            "banner motd @\nthis is my motd banner\nthat has a multiline\nstring\n@"
        ], 
        "failed": false
    }
}

TASK [ios_banner : assert] *****************************************************
task path: /Users/dnewswan/code/concurrent_ci/ansible/test/integration/targets/ios_banner/tests/cli/basic-motd.yaml:25
ok: [ios01] => {
    "changed": false, 
    "failed": false, 
    "msg": "All assertions passed"
}

TASK [ios_banner : Set motd again (idempotent)] ********************************
task path: /Users/dnewswan/code/concurrent_ci/ansible/test/integration/targets/ios_banner/tests/cli/basic-motd.yaml:30
<ios01> using connection plugin network_cli
<ios01> socket_path: /Users/dnewswan/.ansible/pc/e9c21a7b4c
Using module file /Users/dnewswan/code/concurrent_ci/ansible/lib/ansible/modules/network/ios/ios_banner.py
<ios01> ESTABLISH LOCAL CONNECTION FOR USER: dnewswan
<ios01> EXEC /bin/sh -c 'echo ~ && sleep 0'
<ios01> EXEC /bin/sh -c '( umask 77 && mkdir -p "` echo /Users/dnewswan/.ansible/tmp/ansible-tmp-1501504567.51-230435623576682 `" && echo ansible-tmp-1501504567.51-230435623576682="` echo /Users/dnewswan/.ansible/tmp/ansible-tmp-1501504567.51-230435623576682 `" ) && sleep 0'
<ios01> PUT /var/folders/ql/d9_087wj4cd10grvwzxmk4hc0000gn/T/tmpdsgR12 TO /Users/dnewswan/.ansible/tmp/ansible-tmp-1501504567.51-230435623576682/ios_banner.py
<ios01> EXEC /bin/sh -c 'chmod u+x /Users/dnewswan/.ansible/tmp/ansible-tmp-1501504567.51-230435623576682/ /Users/dnewswan/.ansible/tmp/ansible-tmp-1501504567.51-230435623576682/ios_banner.py && sleep 0'
<ios01> EXEC /bin/sh -c 'python /Users/dnewswan/.ansible/tmp/ansible-tmp-1501504567.51-230435623576682/ios_banner.py; rm -rf "/Users/dnewswan/.ansible/tmp/ansible-tmp-1501504567.51-230435623576682/" > /dev/null 2>&1 && sleep 0'
ok: [ios01] => {
    "changed": false, 
    "commands": [], 
    "failed": false, 
    "invocation": {
        "module_args": {
            "auth_pass": null, 
            "authorize": true, 
            "banner": "motd", 
            "host": null, 
            "password": null, 
            "port": null, 
            "provider": {
                "auth_pass": null, 
                "authorize": true, 
                "host": "ios01", 
                "password": "VALUE_SPECIFIED_IN_NO_LOG_PARAMETER", 
                "port": null, 
                "ssh_keyfile": null, 
                "timeout": null, 
                "transport": "cli", 
                "username": "VALUE_SPECIFIED_IN_NO_LOG_PARAMETER"
            }, 
            "ssh_keyfile": null, 
            "state": "present", 
            "text": "this is my motd banner\nthat has a multiline\nstring\n", 
            "timeout": null, 
            "username": null
        }
    }
}

TASK [ios_banner : assert] *****************************************************
task path: /Users/dnewswan/code/concurrent_ci/ansible/test/integration/targets/ios_banner/tests/cli/basic-motd.yaml:42
ok: [ios01] => {
    "changed": false, 
    "failed": false, 
    "msg": "All assertions passed"
}

TASK [ios_banner : Setup] ******************************************************
task path: /Users/dnewswan/code/concurrent_ci/ansible/test/integration/targets/ios_banner/tests/cli/basic-no-login.yaml:2
<ios01> using connection plugin network_cli
<ios01> socket_path: /Users/dnewswan/.ansible/pc/e9c21a7b4c
Using module file /Users/dnewswan/code/concurrent_ci/ansible/lib/ansible/modules/network/ios/ios_banner.py
<ios01> ESTABLISH LOCAL CONNECTION FOR USER: dnewswan
<ios01> EXEC /bin/sh -c 'echo ~ && sleep 0'
<ios01> EXEC /bin/sh -c '( umask 77 && mkdir -p "` echo /Users/dnewswan/.ansible/tmp/ansible-tmp-1501504572.54-43791344812177 `" && echo ansible-tmp-1501504572.54-43791344812177="` echo /Users/dnewswan/.ansible/tmp/ansible-tmp-1501504572.54-43791344812177 `" ) && sleep 0'
<ios01> PUT /var/folders/ql/d9_087wj4cd10grvwzxmk4hc0000gn/T/tmp6ezMrx TO /Users/dnewswan/.ansible/tmp/ansible-tmp-1501504572.54-43791344812177/ios_banner.py
<ios01> EXEC /bin/sh -c 'chmod u+x /Users/dnewswan/.ansible/tmp/ansible-tmp-1501504572.54-43791344812177/ /Users/dnewswan/.ansible/tmp/ansible-tmp-1501504572.54-43791344812177/ios_banner.py && sleep 0'
<ios01> EXEC /bin/sh -c 'python /Users/dnewswan/.ansible/tmp/ansible-tmp-1501504572.54-43791344812177/ios_banner.py; rm -rf "/Users/dnewswan/.ansible/tmp/ansible-tmp-1501504572.54-43791344812177/" > /dev/null 2>&1 && sleep 0'
changed: [ios01] => {
    "changed": true, 
    "commands": [
        "banner login @\nJunk login banner\nover multiple lines\n@"
    ], 
    "failed": false, 
    "invocation": {
        "module_args": {
            "auth_pass": null, 
            "authorize": true, 
            "banner": "login", 
            "host": null, 
            "password": null, 
            "port": null, 
            "provider": {
                "auth_pass": null, 
                "authorize": true, 
                "host": "ios01", 
                "password": "VALUE_SPECIFIED_IN_NO_LOG_PARAMETER", 
                "port": null, 
                "ssh_keyfile": null, 
                "timeout": null, 
                "transport": "cli", 
                "username": "VALUE_SPECIFIED_IN_NO_LOG_PARAMETER"
            }, 
            "ssh_keyfile": null, 
            "state": "present", 
            "text": "Junk login banner\nover multiple lines\n", 
            "timeout": null, 
            "username": null
        }
    }
}

TASK [ios_banner : remove login] ***********************************************
task path: /Users/dnewswan/code/concurrent_ci/ansible/test/integration/targets/ios_banner/tests/cli/basic-no-login.yaml:12
<ios01> using connection plugin network_cli
<ios01> socket_path: /Users/dnewswan/.ansible/pc/e9c21a7b4c
Using module file /Users/dnewswan/code/concurrent_ci/ansible/lib/ansible/modules/network/ios/ios_banner.py
<ios01> ESTABLISH LOCAL CONNECTION FOR USER: dnewswan
<ios01> EXEC /bin/sh -c 'echo ~ && sleep 0'
<ios01> EXEC /bin/sh -c '( umask 77 && mkdir -p "` echo /Users/dnewswan/.ansible/tmp/ansible-tmp-1501504578.35-203718278289806 `" && echo ansible-tmp-1501504578.35-203718278289806="` echo /Users/dnewswan/.ansible/tmp/ansible-tmp-1501504578.35-203718278289806 `" ) && sleep 0'
<ios01> PUT /var/folders/ql/d9_087wj4cd10grvwzxmk4hc0000gn/T/tmprAVaLc TO /Users/dnewswan/.ansible/tmp/ansible-tmp-1501504578.35-203718278289806/ios_banner.py
<ios01> EXEC /bin/sh -c 'chmod u+x /Users/dnewswan/.ansible/tmp/ansible-tmp-1501504578.35-203718278289806/ /Users/dnewswan/.ansible/tmp/ansible-tmp-1501504578.35-203718278289806/ios_banner.py && sleep 0'
<ios01> EXEC /bin/sh -c 'python /Users/dnewswan/.ansible/tmp/ansible-tmp-1501504578.35-203718278289806/ios_banner.py; rm -rf "/Users/dnewswan/.ansible/tmp/ansible-tmp-1501504578.35-203718278289806/" > /dev/null 2>&1 && sleep 0'
changed: [ios01] => {
    "changed": true, 
    "commands": [
        "no banner login"
    ], 
    "failed": false, 
    "invocation": {
        "module_args": {
            "auth_pass": null, 
            "authorize": true, 
            "banner": "login", 
            "host": null, 
            "password": null, 
            "port": null, 
            "provider": {
                "auth_pass": null, 
                "authorize": true, 
                "host": "ios01", 
                "password": "VALUE_SPECIFIED_IN_NO_LOG_PARAMETER", 
                "port": null, 
                "ssh_keyfile": null, 
                "timeout": null, 
                "transport": "cli", 
                "username": "VALUE_SPECIFIED_IN_NO_LOG_PARAMETER"
            }, 
            "ssh_keyfile": null, 
            "state": "absent", 
            "text": null, 
            "timeout": null, 
            "username": null
        }
    }
}

TASK [ios_banner : debug] ******************************************************
task path: /Users/dnewswan/code/concurrent_ci/ansible/test/integration/targets/ios_banner/tests/cli/basic-no-login.yaml:20
ok: [ios01] => {
    "msg": {
        "changed": true, 
        "commands": [
            "no banner login"
        ], 
        "failed": false
    }
}

TASK [ios_banner : assert] *****************************************************
task path: /Users/dnewswan/code/concurrent_ci/ansible/test/integration/targets/ios_banner/tests/cli/basic-no-login.yaml:23
ok: [ios01] => {
    "changed": false, 
    "failed": false, 
    "msg": "All assertions passed"
}

TASK [ios_banner : remove login (idempotent)] **********************************
task path: /Users/dnewswan/code/concurrent_ci/ansible/test/integration/targets/ios_banner/tests/cli/basic-no-login.yaml:28
<ios01> using connection plugin network_cli
<ios01> socket_path: /Users/dnewswan/.ansible/pc/e9c21a7b4c
Using module file /Users/dnewswan/code/concurrent_ci/ansible/lib/ansible/modules/network/ios/ios_banner.py
<ios01> ESTABLISH LOCAL CONNECTION FOR USER: dnewswan
<ios01> EXEC /bin/sh -c 'echo ~ && sleep 0'
<ios01> EXEC /bin/sh -c '( umask 77 && mkdir -p "` echo /Users/dnewswan/.ansible/tmp/ansible-tmp-1501504583.61-110627512920216 `" && echo ansible-tmp-1501504583.61-110627512920216="` echo /Users/dnewswan/.ansible/tmp/ansible-tmp-1501504583.61-110627512920216 `" ) && sleep 0'
<ios01> PUT /var/folders/ql/d9_087wj4cd10grvwzxmk4hc0000gn/T/tmpeIQDz6 TO /Users/dnewswan/.ansible/tmp/ansible-tmp-1501504583.61-110627512920216/ios_banner.py
<ios01> EXEC /bin/sh -c 'chmod u+x /Users/dnewswan/.ansible/tmp/ansible-tmp-1501504583.61-110627512920216/ /Users/dnewswan/.ansible/tmp/ansible-tmp-1501504583.61-110627512920216/ios_banner.py && sleep 0'
<ios01> EXEC /bin/sh -c 'python /Users/dnewswan/.ansible/tmp/ansible-tmp-1501504583.61-110627512920216/ios_banner.py; rm -rf "/Users/dnewswan/.ansible/tmp/ansible-tmp-1501504583.61-110627512920216/" > /dev/null 2>&1 && sleep 0'
ok: [ios01] => {
    "changed": false, 
    "commands": [], 
    "failed": false, 
    "invocation": {
        "module_args": {
            "auth_pass": null, 
            "authorize": true, 
            "banner": "login", 
            "host": null, 
            "password": null, 
            "port": null, 
            "provider": {
                "auth_pass": null, 
                "authorize": true, 
                "host": "ios01", 
                "password": "VALUE_SPECIFIED_IN_NO_LOG_PARAMETER", 
                "port": null, 
                "ssh_keyfile": null, 
                "timeout": null, 
                "transport": "cli", 
                "username": "VALUE_SPECIFIED_IN_NO_LOG_PARAMETER"
            }, 
            "ssh_keyfile": null, 
            "state": "absent", 
            "text": null, 
            "timeout": null, 
            "username": null
        }
    }
}

TASK [ios_banner : assert] *****************************************************
task path: /Users/dnewswan/code/concurrent_ci/ansible/test/integration/targets/ios_banner/tests/cli/basic-no-login.yaml:36
ok: [ios01] => {
    "changed": false, 
    "failed": false, 
    "msg": "All assertions passed"
}

TASK [prepare_ios_tests : Ensure we have loopback 888 for testing] *************
task path: /Users/dnewswan/code/concurrent_ci/ansible/test/integration/targets/prepare_ios_tests/tasks/main.yml:3
<ios01> using connection plugin network_cli
<ios01> socket_path: /Users/dnewswan/.ansible/pc/e9c21a7b4c
Using module file /Users/dnewswan/code/concurrent_ci/ansible/lib/ansible/modules/network/ios/ios_config.py
<ios01> ESTABLISH LOCAL CONNECTION FOR USER: dnewswan
<ios01> EXEC /bin/sh -c 'echo ~ && sleep 0'
<ios01> EXEC /bin/sh -c '( umask 77 && mkdir -p "` echo /Users/dnewswan/.ansible/tmp/ansible-tmp-1501504589.02-109755383779300 `" && echo ansible-tmp-1501504589.02-109755383779300="` echo /Users/dnewswan/.ansible/tmp/ansible-tmp-1501504589.02-109755383779300 `" ) && sleep 0'
<ios01> PUT /var/folders/ql/d9_087wj4cd10grvwzxmk4hc0000gn/T/tmpCGfkzY TO /Users/dnewswan/.ansible/tmp/ansible-tmp-1501504589.02-109755383779300/ios_config.py
<ios01> EXEC /bin/sh -c 'chmod u+x /Users/dnewswan/.ansible/tmp/ansible-tmp-1501504589.02-109755383779300/ /Users/dnewswan/.ansible/tmp/ansible-tmp-1501504589.02-109755383779300/ios_config.py && sleep 0'
<ios01> EXEC /bin/sh -c 'python /Users/dnewswan/.ansible/tmp/ansible-tmp-1501504589.02-109755383779300/ios_config.py; rm -rf "/Users/dnewswan/.ansible/tmp/ansible-tmp-1501504589.02-109755383779300/" > /dev/null 2>&1 && sleep 0'
The full traceback is:
  File "/var/folders/ql/d9_087wj4cd10grvwzxmk4hc0000gn/T/ansible_CEB9Li/ansible_modlib.zip/ansible/module_utils/ios.py", line 89, in get_config
    return _DEVICE_CONFIGS[cmd]
fatal: [ios01]: FAILED! => {
    "changed": false, 
    "failed": true, 
    "invocation": {
        "module_args": {
            "after": null, 
            "auth_pass": null, 
            "authorize": null, 
            "backup": false, 
            "before": null, 
            "defaults": false, 
            "diff_against": null, 
            "diff_ignore_lines": null, 
            "force": false, 
            "host": null, 
            "intended_config": null, 
            "lines": null, 
            "match": "line", 
            "multiline_delimiter": "@", 
            "parents": null, 
            "password": null, 
            "port": null, 
            "provider": {
                "auth_pass": null, 
                "authorize": null, 
                "host": "ios01", 
                "password": "VALUE_SPECIFIED_IN_NO_LOG_PARAMETER", 
                "port": null, 
                "ssh_keyfile": null, 
                "timeout": null, 
                "transport": "cli", 
                "username": "VALUE_SPECIFIED_IN_NO_LOG_PARAMETER"
            }, 
            "replace": "line", 
            "running_config": null, 
            "save": false, 
            "save_when": "never", 
            "src": "interface Loopback888\n description test for ansible\n shutdown\n\n", 
            "ssh_keyfile": null, 
            "timeout": null, 
            "username": null
        }
    }, 
    "msg": "unable to retrieve current config", 
    "stderr": "show running-config\r\n            ^\r\n% Invalid input detected at '^' marker.\r\n\r\nios01>", 
    "stderr_lines": [
        "show running-config", 
        "            ^", 
        "% Invalid input detected at '^' marker.", 
        "", 
        "ios01>"
    ]
}

TASK [set_fact] ****************************************************************
task path: /Users/dnewswan/code/concurrent_ci/ansible/test/integration/ios.yaml:30
ok: [ios01] => {
    "ansible_facts": {
        "failed_modules": [
            "ios_command"
        ], 
        "test_failed": true
    }, 
    "changed": false, 
    "failed": false
}

TASK [prepare_ios_tests : Ensure we have loopback 888 for testing] *************
task path: /Users/dnewswan/code/concurrent_ci/ansible/test/integration/targets/prepare_ios_tests/tasks/main.yml:3
<ios01> using connection plugin network_cli
<ios01> socket_path: /Users/dnewswan/.ansible/pc/e9c21a7b4c
Using module file /Users/dnewswan/code/concurrent_ci/ansible/lib/ansible/modules/network/ios/ios_config.py
<ios01> ESTABLISH LOCAL CONNECTION FOR USER: dnewswan
<ios01> EXEC /bin/sh -c 'echo ~ && sleep 0'
<ios01> EXEC /bin/sh -c '( umask 77 && mkdir -p "` echo /Users/dnewswan/.ansible/tmp/ansible-tmp-1501504594.29-22432281909437 `" && echo ansible-tmp-1501504594.29-22432281909437="` echo /Users/dnewswan/.ansible/tmp/ansible-tmp-1501504594.29-22432281909437 `" ) && sleep 0'
<ios01> PUT /var/folders/ql/d9_087wj4cd10grvwzxmk4hc0000gn/T/tmpKmFb5u TO /Users/dnewswan/.ansible/tmp/ansible-tmp-1501504594.29-22432281909437/ios_config.py
<ios01> EXEC /bin/sh -c 'chmod u+x /Users/dnewswan/.ansible/tmp/ansible-tmp-1501504594.29-22432281909437/ /Users/dnewswan/.ansible/tmp/ansible-tmp-1501504594.29-22432281909437/ios_config.py && sleep 0'
<ios01> EXEC /bin/sh -c 'python /Users/dnewswan/.ansible/tmp/ansible-tmp-1501504594.29-22432281909437/ios_config.py; rm -rf "/Users/dnewswan/.ansible/tmp/ansible-tmp-1501504594.29-22432281909437/" > /dev/null 2>&1 && sleep 0'
The full traceback is:
  File "/var/folders/ql/d9_087wj4cd10grvwzxmk4hc0000gn/T/ansible_EnIqs2/ansible_modlib.zip/ansible/module_utils/ios.py", line 89, in get_config
    return _DEVICE_CONFIGS[cmd]
fatal: [ios01]: FAILED! => {
    "changed": false, 
    "failed": true, 
    "invocation": {
        "module_args": {
            "after": null, 
            "auth_pass": null, 
            "authorize": null, 
            "backup": false, 
            "before": null, 
            "defaults": false, 
            "diff_against": null, 
            "diff_ignore_lines": null, 
            "force": false, 
            "host": null, 
            "intended_config": null, 
            "lines": null, 
            "match": "line", 
            "multiline_delimiter": "@", 
            "parents": null, 
            "password": null, 
            "port": null, 
            "provider": {
                "auth_pass": null, 
                "authorize": null, 
                "host": "ios01", 
                "password": "VALUE_SPECIFIED_IN_NO_LOG_PARAMETER", 
                "port": null, 
                "ssh_keyfile": null, 
                "timeout": null, 
                "transport": "cli", 
                "username": "VALUE_SPECIFIED_IN_NO_LOG_PARAMETER"
            }, 
            "replace": "line", 
            "running_config": null, 
            "save": false, 
            "save_when": "never", 
            "src": "interface Loopback888\n description test for ansible\n shutdown\n\n", 
            "ssh_keyfile": null, 
            "timeout": null, 
            "username": null
        }
    }, 
    "msg": "unable to retrieve current config", 
    "stderr": "show running-config\r\n            ^\r\n% Invalid input detected at '^' marker.\r\n\r\nios01>", 
    "stderr_lines": [
        "show running-config", 
        "            ^", 
        "% Invalid input detected at '^' marker.", 
        "", 
        "ios01>"
    ]
}

TASK [set_fact] ****************************************************************
task path: /Users/dnewswan/code/concurrent_ci/ansible/test/integration/ios.yaml:39
ok: [ios01] => {
    "ansible_facts": {
        "failed_modules": [
            "ios_command", 
            "ios_config"
        ], 
        "test_failed": true
    }, 
    "changed": false, 
    "failed": false
}

TASK [prepare_ios_tests : Ensure we have loopback 888 for testing] *************
task path: /Users/dnewswan/code/concurrent_ci/ansible/test/integration/targets/prepare_ios_tests/tasks/main.yml:3
<ios01> using connection plugin network_cli
<ios01> socket_path: /Users/dnewswan/.ansible/pc/e9c21a7b4c
Using module file /Users/dnewswan/code/concurrent_ci/ansible/lib/ansible/modules/network/ios/ios_config.py
<ios01> ESTABLISH LOCAL CONNECTION FOR USER: dnewswan
<ios01> EXEC /bin/sh -c 'echo ~ && sleep 0'
<ios01> EXEC /bin/sh -c '( umask 77 && mkdir -p "` echo /Users/dnewswan/.ansible/tmp/ansible-tmp-1501504599.53-232245365642685 `" && echo ansible-tmp-1501504599.53-232245365642685="` echo /Users/dnewswan/.ansible/tmp/ansible-tmp-1501504599.53-232245365642685 `" ) && sleep 0'
<ios01> PUT /var/folders/ql/d9_087wj4cd10grvwzxmk4hc0000gn/T/tmpDk4rjY TO /Users/dnewswan/.ansible/tmp/ansible-tmp-1501504599.53-232245365642685/ios_config.py
<ios01> EXEC /bin/sh -c 'chmod u+x /Users/dnewswan/.ansible/tmp/ansible-tmp-1501504599.53-232245365642685/ /Users/dnewswan/.ansible/tmp/ansible-tmp-1501504599.53-232245365642685/ios_config.py && sleep 0'
<ios01> EXEC /bin/sh -c 'python /Users/dnewswan/.ansible/tmp/ansible-tmp-1501504599.53-232245365642685/ios_config.py; rm -rf "/Users/dnewswan/.ansible/tmp/ansible-tmp-1501504599.53-232245365642685/" > /dev/null 2>&1 && sleep 0'
The full traceback is:
  File "/var/folders/ql/d9_087wj4cd10grvwzxmk4hc0000gn/T/ansible_Om6oI7/ansible_modlib.zip/ansible/module_utils/ios.py", line 89, in get_config
    return _DEVICE_CONFIGS[cmd]
fatal: [ios01]: FAILED! => {
    "changed": false, 
    "failed": true, 
    "invocation": {
        "module_args": {
            "after": null, 
            "auth_pass": null, 
            "authorize": null, 
            "backup": false, 
            "before": null, 
            "defaults": false, 
            "diff_against": null, 
            "diff_ignore_lines": null, 
            "force": false, 
            "host": null, 
            "intended_config": null, 
            "lines": null, 
            "match": "line", 
            "multiline_delimiter": "@", 
            "parents": null, 
            "password": null, 
            "port": null, 
            "provider": {
                "auth_pass": null, 
                "authorize": null, 
                "host": "ios01", 
                "password": "VALUE_SPECIFIED_IN_NO_LOG_PARAMETER", 
                "port": null, 
                "ssh_keyfile": null, 
                "timeout": null, 
                "transport": "cli", 
                "username": "VALUE_SPECIFIED_IN_NO_LOG_PARAMETER"
            }, 
            "replace": "line", 
            "running_config": null, 
            "save": false, 
            "save_when": "never", 
            "src": "interface Loopback888\n description test for ansible\n shutdown\n\n", 
            "ssh_keyfile": null, 
            "timeout": null, 
            "username": null
        }
    }, 
    "msg": "unable to retrieve current config", 
    "stderr": "show running-config\r\n            ^\r\n% Invalid input detected at '^' marker.\r\n\r\nios01>", 
    "stderr_lines": [
        "show running-config", 
        "            ^", 
        "% Invalid input detected at '^' marker.", 
        "", 
        "ios01>"
    ]
}

TASK [set_fact] ****************************************************************
task path: /Users/dnewswan/code/concurrent_ci/ansible/test/integration/ios.yaml:48
ok: [ios01] => {
    "ansible_facts": {
        "failed_modules": [
            "ios_command", 
            "ios_config", 
            "ios_facts"
        ], 
        "test_failed": true
    }, 
    "changed": false, 
    "failed": false
}

TASK [prepare_ios_tests : Ensure we have loopback 888 for testing] *************
task path: /Users/dnewswan/code/concurrent_ci/ansible/test/integration/targets/prepare_ios_tests/tasks/main.yml:3
<ios01> using connection plugin network_cli
<ios01> socket_path: /Users/dnewswan/.ansible/pc/e9c21a7b4c
Using module file /Users/dnewswan/code/concurrent_ci/ansible/lib/ansible/modules/network/ios/ios_config.py
<ios01> ESTABLISH LOCAL CONNECTION FOR USER: dnewswan
<ios01> EXEC /bin/sh -c 'echo ~ && sleep 0'
<ios01> EXEC /bin/sh -c '( umask 77 && mkdir -p "` echo /Users/dnewswan/.ansible/tmp/ansible-tmp-1501504604.9-204384529014181 `" && echo ansible-tmp-1501504604.9-204384529014181="` echo /Users/dnewswan/.ansible/tmp/ansible-tmp-1501504604.9-204384529014181 `" ) && sleep 0'
<ios01> PUT /var/folders/ql/d9_087wj4cd10grvwzxmk4hc0000gn/T/tmptYRsjJ TO /Users/dnewswan/.ansible/tmp/ansible-tmp-1501504604.9-204384529014181/ios_config.py
<ios01> EXEC /bin/sh -c 'chmod u+x /Users/dnewswan/.ansible/tmp/ansible-tmp-1501504604.9-204384529014181/ /Users/dnewswan/.ansible/tmp/ansible-tmp-1501504604.9-204384529014181/ios_config.py && sleep 0'
<ios01> EXEC /bin/sh -c 'python /Users/dnewswan/.ansible/tmp/ansible-tmp-1501504604.9-204384529014181/ios_config.py; rm -rf "/Users/dnewswan/.ansible/tmp/ansible-tmp-1501504604.9-204384529014181/" > /dev/null 2>&1 && sleep 0'
The full traceback is:
  File "/var/folders/ql/d9_087wj4cd10grvwzxmk4hc0000gn/T/ansible_5NmLwt/ansible_modlib.zip/ansible/module_utils/ios.py", line 89, in get_config
    return _DEVICE_CONFIGS[cmd]
fatal: [ios01]: FAILED! => {
    "changed": false, 
    "failed": true, 
    "invocation": {
        "module_args": {
            "after": null, 
            "auth_pass": null, 
            "authorize": null, 
            "backup": false, 
            "before": null, 
            "defaults": false, 
            "diff_against": null, 
            "diff_ignore_lines": null, 
            "force": false, 
            "host": null, 
            "intended_config": null, 
            "lines": null, 
            "match": "line", 
            "multiline_delimiter": "@", 
            "parents": null, 
            "password": null, 
            "port": null, 
            "provider": {
                "auth_pass": null, 
                "authorize": null, 
                "host": "ios01", 
                "password": "VALUE_SPECIFIED_IN_NO_LOG_PARAMETER", 
                "port": null, 
                "ssh_keyfile": null, 
                "timeout": null, 
                "transport": "cli", 
                "username": "VALUE_SPECIFIED_IN_NO_LOG_PARAMETER"
            }, 
            "replace": "line", 
            "running_config": null, 
            "save": false, 
            "save_when": "never", 
            "src": "interface Loopback888\n description test for ansible\n shutdown\n\n", 
            "ssh_keyfile": null, 
            "timeout": null, 
            "username": null
        }
    }, 
    "msg": "unable to retrieve current config", 
    "stderr": "show running-config\r\n            ^\r\n% Invalid input detected at '^' marker.\r\n\r\nios01>", 
    "stderr_lines": [
        "show running-config", 
        "            ^", 
        "% Invalid input detected at '^' marker.", 
        "", 
        "ios01>"
    ]
}

TASK [set_fact] ****************************************************************
task path: /Users/dnewswan/code/concurrent_ci/ansible/test/integration/ios.yaml:57
ok: [ios01] => {
    "ansible_facts": {
        "failed_modules": [
            "ios_command", 
            "ios_config", 
            "ios_facts", 
            "ios_system"
        ], 
        "test_failed": true
    }, 
    "changed": false, 
    "failed": false
}

TASK [prepare_ios_tests : Ensure we have loopback 888 for testing] *************
task path: /Users/dnewswan/code/concurrent_ci/ansible/test/integration/targets/prepare_ios_tests/tasks/main.yml:3
<ios01> using connection plugin network_cli
<ios01> socket_path: /Users/dnewswan/.ansible/pc/e9c21a7b4c
Using module file /Users/dnewswan/code/concurrent_ci/ansible/lib/ansible/modules/network/ios/ios_config.py
<ios01> ESTABLISH LOCAL CONNECTION FOR USER: dnewswan
<ios01> EXEC /bin/sh -c 'echo ~ && sleep 0'
<ios01> EXEC /bin/sh -c '( umask 77 && mkdir -p "` echo /Users/dnewswan/.ansible/tmp/ansible-tmp-1501504609.86-218685071795973 `" && echo ansible-tmp-1501504609.86-218685071795973="` echo /Users/dnewswan/.ansible/tmp/ansible-tmp-1501504609.86-218685071795973 `" ) && sleep 0'
<ios01> PUT /var/folders/ql/d9_087wj4cd10grvwzxmk4hc0000gn/T/tmp20sf_f TO /Users/dnewswan/.ansible/tmp/ansible-tmp-1501504609.86-218685071795973/ios_config.py
<ios01> EXEC /bin/sh -c 'chmod u+x /Users/dnewswan/.ansible/tmp/ansible-tmp-1501504609.86-218685071795973/ /Users/dnewswan/.ansible/tmp/ansible-tmp-1501504609.86-218685071795973/ios_config.py && sleep 0'
<ios01> EXEC /bin/sh -c 'python /Users/dnewswan/.ansible/tmp/ansible-tmp-1501504609.86-218685071795973/ios_config.py; rm -rf "/Users/dnewswan/.ansible/tmp/ansible-tmp-1501504609.86-218685071795973/" > /dev/null 2>&1 && sleep 0'
The full traceback is:
  File "/var/folders/ql/d9_087wj4cd10grvwzxmk4hc0000gn/T/ansible_ym7NcZ/ansible_modlib.zip/ansible/module_utils/ios.py", line 89, in get_config
    return _DEVICE_CONFIGS[cmd]
fatal: [ios01]: FAILED! => {
    "changed": false, 
    "failed": true, 
    "invocation": {
        "module_args": {
            "after": null, 
            "auth_pass": null, 
            "authorize": null, 
            "backup": false, 
            "before": null, 
            "defaults": false, 
            "diff_against": null, 
            "diff_ignore_lines": null, 
            "force": false, 
            "host": null, 
            "intended_config": null, 
            "lines": null, 
            "match": "line", 
            "multiline_delimiter": "@", 
            "parents": null, 
            "password": null, 
            "port": null, 
            "provider": {
                "auth_pass": null, 
                "authorize": null, 
                "host": "ios01", 
                "password": "VALUE_SPECIFIED_IN_NO_LOG_PARAMETER", 
                "port": null, 
                "ssh_keyfile": null, 
                "timeout": null, 
                "transport": "cli", 
                "username": "VALUE_SPECIFIED_IN_NO_LOG_PARAMETER"
            }, 
            "replace": "line", 
            "running_config": null, 
            "save": false, 
            "save_when": "never", 
            "src": "interface Loopback888\n description test for ansible\n shutdown\n\n", 
            "ssh_keyfile": null, 
            "timeout": null, 
            "username": null
        }
    }, 
    "msg": "unable to retrieve current config", 
    "stderr": "show running-config\r\n            ^\r\n% Invalid input detected at '^' marker.\r\n\r\nios01>", 
    "stderr_lines": [
        "show running-config", 
        "            ^", 
        "% Invalid input detected at '^' marker.", 
        "", 
        "ios01>"
    ]
}

TASK [set_fact] ****************************************************************
task path: /Users/dnewswan/code/concurrent_ci/ansible/test/integration/ios.yaml:66
ok: [ios01] => {
    "ansible_facts": {
        "failed_modules": [
            "ios_command", 
            "ios_config", 
            "ios_facts", 
            "ios_system", 
            "ios_user"
        ], 
        "test_failed": true
    }, 
    "changed": false, 
    "failed": false
}

TASK [prepare_ios_tests : Ensure we have loopback 888 for testing] *************
task path: /Users/dnewswan/code/concurrent_ci/ansible/test/integration/targets/prepare_ios_tests/tasks/main.yml:3
<ios01> using connection plugin network_cli
<ios01> socket_path: /Users/dnewswan/.ansible/pc/e9c21a7b4c
Using module file /Users/dnewswan/code/concurrent_ci/ansible/lib/ansible/modules/network/ios/ios_config.py
<ios01> ESTABLISH LOCAL CONNECTION FOR USER: dnewswan
<ios01> EXEC /bin/sh -c 'echo ~ && sleep 0'
<ios01> EXEC /bin/sh -c '( umask 77 && mkdir -p "` echo /Users/dnewswan/.ansible/tmp/ansible-tmp-1501504615.2-157209930488562 `" && echo ansible-tmp-1501504615.2-157209930488562="` echo /Users/dnewswan/.ansible/tmp/ansible-tmp-1501504615.2-157209930488562 `" ) && sleep 0'
<ios01> PUT /var/folders/ql/d9_087wj4cd10grvwzxmk4hc0000gn/T/tmpVBJQwT TO /Users/dnewswan/.ansible/tmp/ansible-tmp-1501504615.2-157209930488562/ios_config.py
<ios01> EXEC /bin/sh -c 'chmod u+x /Users/dnewswan/.ansible/tmp/ansible-tmp-1501504615.2-157209930488562/ /Users/dnewswan/.ansible/tmp/ansible-tmp-1501504615.2-157209930488562/ios_config.py && sleep 0'
<ios01> EXEC /bin/sh -c 'python /Users/dnewswan/.ansible/tmp/ansible-tmp-1501504615.2-157209930488562/ios_config.py; rm -rf "/Users/dnewswan/.ansible/tmp/ansible-tmp-1501504615.2-157209930488562/" > /dev/null 2>&1 && sleep 0'
The full traceback is:
  File "/var/folders/ql/d9_087wj4cd10grvwzxmk4hc0000gn/T/ansible_sNycaN/ansible_modlib.zip/ansible/module_utils/ios.py", line 89, in get_config
    return _DEVICE_CONFIGS[cmd]
fatal: [ios01]: FAILED! => {
    "changed": false, 
    "failed": true, 
    "invocation": {
        "module_args": {
            "after": null, 
            "auth_pass": null, 
            "authorize": null, 
            "backup": false, 
            "before": null, 
            "defaults": false, 
            "diff_against": null, 
            "diff_ignore_lines": null, 
            "force": false, 
            "host": null, 
            "intended_config": null, 
            "lines": null, 
            "match": "line", 
            "multiline_delimiter": "@", 
            "parents": null, 
            "password": null, 
            "port": null, 
            "provider": {
                "auth_pass": null, 
                "authorize": null, 
                "host": "ios01", 
                "password": "VALUE_SPECIFIED_IN_NO_LOG_PARAMETER", 
                "port": null, 
                "ssh_keyfile": null, 
                "timeout": null, 
                "transport": "cli", 
                "username": "VALUE_SPECIFIED_IN_NO_LOG_PARAMETER"
            }, 
            "replace": "line", 
            "running_config": null, 
            "save": false, 
            "save_when": "never", 
            "src": "interface Loopback888\n description test for ansible\n shutdown\n\n", 
            "ssh_keyfile": null, 
            "timeout": null, 
            "username": null
        }
    }, 
    "msg": "unable to retrieve current config", 
    "stderr": "show running-config\r\n            ^\r\n% Invalid input detected at '^' marker.\r\n\r\nios01>", 
    "stderr_lines": [
        "show running-config", 
        "            ^", 
        "% Invalid input detected at '^' marker.", 
        "", 
        "ios01>"
    ]
}

TASK [set_fact] ****************************************************************
task path: /Users/dnewswan/code/concurrent_ci/ansible/test/integration/ios.yaml:75
ok: [ios01] => {
    "ansible_facts": {
        "failed_modules": [
            "ios_command", 
            "ios_config", 
            "ios_facts", 
            "ios_system", 
            "ios_user", 
            "ios_static_route"
        ], 
        "test_failed": true
    }, 
    "changed": false, 
    "failed": false
}

TASK [prepare_ios_tests : Ensure we have loopback 888 for testing] *************
task path: /Users/dnewswan/code/concurrent_ci/ansible/test/integration/targets/prepare_ios_tests/tasks/main.yml:3
<ios01> using connection plugin network_cli
<ios01> socket_path: /Users/dnewswan/.ansible/pc/e9c21a7b4c
Using module file /Users/dnewswan/code/concurrent_ci/ansible/lib/ansible/modules/network/ios/ios_config.py
<ios01> ESTABLISH LOCAL CONNECTION FOR USER: dnewswan
<ios01> EXEC /bin/sh -c 'echo ~ && sleep 0'
<ios01> EXEC /bin/sh -c '( umask 77 && mkdir -p "` echo /Users/dnewswan/.ansible/tmp/ansible-tmp-1501504621.09-76930863187538 `" && echo ansible-tmp-1501504621.09-76930863187538="` echo /Users/dnewswan/.ansible/tmp/ansible-tmp-1501504621.09-76930863187538 `" ) && sleep 0'
<ios01> PUT /var/folders/ql/d9_087wj4cd10grvwzxmk4hc0000gn/T/tmpm3Y_fZ TO /Users/dnewswan/.ansible/tmp/ansible-tmp-1501504621.09-76930863187538/ios_config.py
<ios01> EXEC /bin/sh -c 'chmod u+x /Users/dnewswan/.ansible/tmp/ansible-tmp-1501504621.09-76930863187538/ /Users/dnewswan/.ansible/tmp/ansible-tmp-1501504621.09-76930863187538/ios_config.py && sleep 0'
<ios01> EXEC /bin/sh -c 'python /Users/dnewswan/.ansible/tmp/ansible-tmp-1501504621.09-76930863187538/ios_config.py; rm -rf "/Users/dnewswan/.ansible/tmp/ansible-tmp-1501504621.09-76930863187538/" > /dev/null 2>&1 && sleep 0'
The full traceback is:
  File "/var/folders/ql/d9_087wj4cd10grvwzxmk4hc0000gn/T/ansible_Zk8TJe/ansible_modlib.zip/ansible/module_utils/ios.py", line 89, in get_config
    return _DEVICE_CONFIGS[cmd]
fatal: [ios01]: FAILED! => {
    "changed": false, 
    "failed": true, 
    "invocation": {
        "module_args": {
            "after": null, 
            "auth_pass": null, 
            "authorize": null, 
            "backup": false, 
            "before": null, 
            "defaults": false, 
            "diff_against": null, 
            "diff_ignore_lines": null, 
            "force": false, 
            "host": null, 
            "intended_config": null, 
            "lines": null, 
            "match": "line", 
            "multiline_delimiter": "@", 
            "parents": null, 
            "password": null, 
            "port": null, 
            "provider": {
                "auth_pass": null, 
                "authorize": null, 
                "host": "ios01", 
                "password": "VALUE_SPECIFIED_IN_NO_LOG_PARAMETER", 
                "port": null, 
                "ssh_keyfile": null, 
                "timeout": null, 
                "transport": "cli", 
                "username": "VALUE_SPECIFIED_IN_NO_LOG_PARAMETER"
            }, 
            "replace": "line", 
            "running_config": null, 
            "save": false, 
            "save_when": "never", 
            "src": "interface Loopback888\n description test for ansible\n shutdown\n\n", 
            "ssh_keyfile": null, 
            "timeout": null, 
            "username": null
        }
    }, 
    "msg": "unable to retrieve current config", 
    "stderr": "show running-config\r\n            ^\r\n% Invalid input detected at '^' marker.\r\n\r\nios01>", 
    "stderr_lines": [
        "show running-config", 
        "            ^", 
        "% Invalid input detected at '^' marker.", 
        "", 
        "ios01>"
    ]
}

TASK [set_fact] ****************************************************************
task path: /Users/dnewswan/code/concurrent_ci/ansible/test/integration/ios.yaml:84
ok: [ios01] => {
    "ansible_facts": {
        "failed_modules": [
            "ios_command", 
            "ios_config", 
            "ios_facts", 
            "ios_system", 
            "ios_user", 
            "ios_static_route", 
            "ios_logging"
        ], 
        "test_failed": true
    }, 
    "changed": false, 
    "failed": false
}

TASK [debug] *******************************************************************
task path: /Users/dnewswan/code/concurrent_ci/ansible/test/integration/ios.yaml:90
ok: [ios01] => {
    "failed_modules": [
        "ios_command", 
        "ios_config", 
        "ios_facts", 
        "ios_system", 
        "ios_user", 
        "ios_static_route", 
        "ios_logging"
    ]
}

TASK [Has any previous test failed?] *******************************************
task path: /Users/dnewswan/code/concurrent_ci/ansible/test/integration/ios.yaml:93
fatal: [ios01]: FAILED! => {
    "changed": false, 
    "failed": true, 
    "msg": "One or more tests failed, check log for details"
}

PLAY RECAP *********************************************************************
ios01                      : ok=34   changed=5    unreachable=0    failed=8   

