############ FAILURE ############
[junos_netconf : assert] 
/Users/dnewswan/code/concurrent_ci/ansible/test/integration/targets/junos_netconf/tests/cli/changeport.yaml:49

[_ansible_no_log]=> False
[changed]=> False
[assertion]=> result.failed == true
[_ansible_verbose_always]=> True
[failed]=> True
[evaluated_to]=> False



############ FAILURE ############
[junos_logging : Configure logging parameters] 
/Users/dnewswan/code/concurrent_ci/ansible/test/integration/targets/junos_logging/tests/netconf/basic.yaml:196

[_ansible_parsed]=> True
[_ansible_no_log]=> False
[changed]=> False
[failed]=> True
[invocation]=> {u'module_args': {u'username': None, u'files': 40, u'ssh_keyfile': None, u'src_addr': None, u'name': None, u'facility': None, u'dest': None, u'level': None, u'host': None, u'purge': False, u'aggregate': None, u'state': u'present', u'timeout': 10, u'provider': {u'username': u'ansible', u'ssh_keyfile': None, u'host': u'vsrx01', u'timeout': None, u'password': u'VALUE_SPECIFIED_IN_NO_LOG_PARAMETER', u'port': None, u'transport': u'netconf'}, u'active': True, u'rotate_frequency': 20, u'password': None, u'port': None, u'transport': None, u'size': 65536}}
[msg]=> <?xml version="1.0" encoding="UTF-8"?><rpc-reply xmlns="urn:ietf:params:xml:ns:netconf:base:1.0" xmlns:junos="http://xml.juniper.net/junos/15.1X49/junos" xmlns:nc="urn:ietf:params:xml:ns:netconf:base:1.0" message-id="urn:uuid:b149e2e1-3722-40a4-8181-44b877372894">
<load-configuration-results>
<rpc-error>
<error-type>protocol</error-type>
<error-tag>operation-failed</error-tag>
<error-severity>error</error-severity>
<error-message>
could not set size
</error-message>
</rpc-error>
<rpc-error>
<error-type>protocol</error-type>
<error-tag>operation-failed</error-tag>
<error-severity>error</error-severity>
<error-message>
could not set files
</error-message>
</rpc-error>
<rpc-error>
<error-type>protocol</error-type>
<error-tag>operation-failed</error-tag>
<error-severity>error</error-severity>
<error-message>
could not set log-rotate-frequency
</error-message>
</rpc-error>
<ok/>
</load-configuration-results>
</rpc-reply>



############ FAILURE ############
[junos_user : assert] 
/Users/dnewswan/code/concurrent_ci/ansible/test/integration/targets/junos_user/tests/netconf/basic.yaml:25

[_ansible_no_log]=> False
[changed]=> False
[assertion]=> '<class>read-only</class>' in config.xml
[_ansible_verbose_always]=> True
[failed]=> True
[evaluated_to]=> False



############ FAILURE ############
[junos_linkagg : assert] 
/Users/dnewswan/code/concurrent_ci/ansible/test/integration/targets/junos_linkagg/tests/netconf/basic.yaml:154

[_ansible_no_log]=> False
[changed]=> False
[assertion]=> '<disable/>' not in config.xml
[_ansible_verbose_always]=> True
[failed]=> True
[evaluated_to]=> False



############ FAILURE ############
[junos_lldp : setup - Disable lldp and remove it's configuration] 
/Users/dnewswan/code/concurrent_ci/ansible/test/integration/targets/junos_lldp/tests/netconf/basic.yaml:4

[_ansible_parsed]=> True
[_ansible_no_log]=> False
[changed]=> False
[failed]=> True
[invocation]=> {u'module_args': {u'username': None, u'ssh_keyfile': None, u'interval': None, u'state': u'absent', u'purge': False, u'host': None, u'disable': True, u'transport': None, u'timeout': 10, u'provider': {u'username': u'ansible', u'ssh_keyfile': None, u'host': u'vsrx01', u'timeout': None, u'password': u'VALUE_SPECIFIED_IN_NO_LOG_PARAMETER', u'port': None, u'transport': u'netconf'}, u'active': True, u'password': None, u'hold_multiplier': None, u'port': None, u'transmit_delay': None}}
[msg]=> <?xml version="1.0" encoding="UTF-8"?><rpc-reply xmlns="urn:ietf:params:xml:ns:netconf:base:1.0" xmlns:junos="http://xml.juniper.net/junos/15.1X49/junos" xmlns:nc="urn:ietf:params:xml:ns:netconf:base:1.0" message-id="urn:uuid:f8763550-fdaa-41aa-8fdc-585ac474ecef">
<load-configuration-results>
<rpc-error>
<error-type>protocol</error-type>
<error-tag>operation-failed</error-tag>
<error-severity>error</error-severity>
<error-message>syntax error</error-message>
<error-info>
<bad-element>lldp</bad-element>
</error-info>
</rpc-error>
<rpc-error>
<error-type>protocol</error-type>
<error-tag>operation-failed</error-tag>
<error-severity>error</error-severity>
<error-message>syntax error</error-message>
<error-info>
<bad-element>lldp</bad-element>
</error-info>
</rpc-error>
<load-error-count>2</load-error-count>
</load-configuration-results>
</rpc-reply>



############ FAILURE ############
[junos_lldp_interface : setup - Remove lldp interface configuration] 
/Users/dnewswan/code/concurrent_ci/ansible/test/integration/targets/junos_lldp_interface/tests/netconf/basic.yaml:4

[_ansible_parsed]=> True
[_ansible_no_log]=> False
[changed]=> False
[failed]=> True
[invocation]=> {u'module_args': {u'username': None, u'ssh_keyfile': None, u'name': u'ge-0/0/5', u'state': u'absent', u'purge': False, u'active': True, u'host': None, u'disable': True, u'timeout': 10, u'provider': {u'username': u'ansible', u'ssh_keyfile': None, u'host': u'vsrx01', u'timeout': None, u'password': u'VALUE_SPECIFIED_IN_NO_LOG_PARAMETER', u'port': None, u'transport': u'netconf'}, u'aggregate': None, u'password': None, u'port': None, u'transport': None}}
[msg]=> <?xml version="1.0" encoding="UTF-8"?><rpc-reply xmlns="urn:ietf:params:xml:ns:netconf:base:1.0" xmlns:junos="http://xml.juniper.net/junos/15.1X49/junos" xmlns:nc="urn:ietf:params:xml:ns:netconf:base:1.0" message-id="urn:uuid:a310aa24-5a2f-41cb-b5fa-5ee10df98880">
<load-configuration-results>
<rpc-error>
<error-type>protocol</error-type>
<error-tag>operation-failed</error-tag>
<error-severity>error</error-severity>
<error-message>syntax error</error-message>
<error-info>
<bad-element>lldp</bad-element>
</error-info>
</rpc-error>
<rpc-error>
<error-type>protocol</error-type>
<error-tag>operation-failed</error-tag>
<error-severity>error</error-severity>
<error-message>syntax error</error-message>
<error-info>
<bad-element>lldp</bad-element>
</error-info>
</rpc-error>
<load-error-count>2</load-error-count>
</load-configuration-results>
</rpc-reply>



############ FAILURE ############
[junos_vrf : assert] 
/Users/dnewswan/code/concurrent_ci/ansible/test/integration/targets/junos_vrf/tests/netconf/basic.yaml:23

[_ansible_no_log]=> False
[changed]=> False
[assertion]=> '+   test-1' in result.diff.prepared
[_ansible_verbose_always]=> True
[failed]=> True
[evaluated_to]=> False



############ FAILURE ############
[Has any previous test failed?] 
/Users/dnewswan/code/concurrent_ci/ansible/test/integration/junos.yaml:179

[msg]=> One or more tests failed, check log for details
[failed]=> True
[changed]=> False
[_ansible_no_log]=> False



