############ FAILURE ############
[nxos_command : assert] 
/Users/dnewswan/code/concurrent_ci/ansible/test/integration/targets/nxos_command/tests/nxapi/sanity.yaml:49

[_ansible_no_log]=> False
[changed]=> False
[assertion]=> '65535' in result.stdout[0]
[_ansible_verbose_always]=> True
[failed]=> True
[evaluated_to]=> False



############ FAILURE ############
[nxos_config : assert] 
/Users/dnewswan/code/concurrent_ci/ansible/test/integration/targets/nxos_config/tests/cli/save.yaml:21

[_ansible_no_log]=> False
[changed]=> False
[assertion]=> result.changed == true
[_ansible_verbose_always]=> True
[failed]=> True
[evaluated_to]=> False



############ FAILURE ############
[nxos_evpn_global : Enable nv overlay evpn] 
/Users/dnewswan/code/concurrent_ci/ansible/test/integration/targets/nxos_evpn_global/tests/cli/sanity.yaml:26

[_ansible_parsed]=> True
[_ansible_no_log]=> False
[changed]=> False
[failed]=> True
[invocation]=> {u'module_args': {u'username': None, u'password': None, u'ssh_keyfile': None, u'validate_certs': None, u'include_defaults': None, u'host': None, u'timeout': None, u'provider': None, u'nv_overlay_evpn': True, u'use_ssl': None, u'save': None, u'config': None, u'port': None, u'transport': u'cli'}}
[msg]=> timeout trying to send command: show running-config



############ FAILURE ############
[nxos_evpn_global : enable nxapi] 
/Users/dnewswan/code/concurrent_ci/ansible/test/integration/targets/nxos_evpn_global/tasks/nxapi.yaml:11

[_ansible_parsed]=> True
[_ansible_no_log]=> False
[changed]=> False
[failed]=> True
[invocation]=> {u'module_args': {u'force': False, u'diff_against': None, u'replace': u'line', u'running_config': None, u'save_when': u'never', u'use_ssl': None, u'port': None, u'transport': u'cli', u'before': None, u'parents': None, u'provider': None, u'save': False, u'match': u'line', u'username': None, u'timeout': None, u'after': None, u'host': None, u'password': None, u'diff_ignore_lines': None, u'src': None, u'ssh_keyfile': None, u'backup': False, u'lines': [u'feature nxapi', u'nxapi http port 80'], u'intended_config': None, u'defaults': False, u'validate_certs': None}}
[msg]=> timeout trying to send command: show running-config all



############ FAILURE ############
[nxos_mtu : assert] 
/Users/dnewswan/code/concurrent_ci/ansible/test/integration/targets/nxos_mtu/tests/cli/set_sysmtu.yaml:26

[_ansible_no_log]=> False
[changed]=> False
[assertion]=> result.changed == false
[_ansible_verbose_always]=> True
[failed]=> True
[evaluated_to]=> False



############ FAILURE ############
[nxos_banner : assert] 
/Users/dnewswan/code/concurrent_ci/ansible/test/integration/targets/nxos_banner/tests/cli/basic-no-exec.yaml:33

[_ansible_no_log]=> False
[changed]=> False
[assertion]=> result.changed == false
[_ansible_verbose_always]=> True
[failed]=> True
[evaluated_to]=> False



############ FAILURE ############
[nxos_vtp_version : enable feature vtp] 
/Users/dnewswan/code/concurrent_ci/ansible/test/integration/targets/nxos_vtp_version/tests/nxapi/sanity.yaml:5

[status]=> -1
[_ansible_parsed]=> True
[_ansible_no_log]=> False
[url]=> http://nxos01:80/ins
[changed]=> False
[failed]=> True
[invocation]=> {u'module_args': {u'username': u'VALUE_SPECIFIED_IN_NO_LOG_PARAMETER', u'url_password': u'VALUE_SPECIFIED_IN_NO_LOG_PARAMETER', u'password': u'VALUE_SPECIFIED_IN_NO_LOG_PARAMETER', u'ssh_keyfile': None, u'url_username': u'VALUE_SPECIFIED_IN_NO_LOG_PARAMETER', u'validate_certs': True, u'feature': u'vtp', u'include_defaults': None, u'state': u'enabled', u'timeout': 60, u'provider': {u'username': u'VALUE_SPECIFIED_IN_NO_LOG_PARAMETER', u'ssh_keyfile': None, u'host': u'nxos01', u'timeout': 60, u'use_ssl': False, u'password': u'VALUE_SPECIFIED_IN_NO_LOG_PARAMETER', u'validate_certs': True, u'port': 80, u'transport': u'nxapi'}, u'host': u'nxos01', u'use_ssl': False, u'save': None, u'config': None, u'port': 80, u'transport': u'nxapi'}}
[msg]=> Connection failure: timed out



############ FAILURE ############
[nxos_portchannel : assert] 
/Users/dnewswan/code/concurrent_ci/ansible/test/integration/targets/nxos_portchannel/tests/common/sanity.yaml:57

[_ansible_no_log]=> False
[changed]=> False
[assertion]=> result.changed == false
[_ansible_verbose_always]=> True
[failed]=> True
[evaluated_to]=> False



############ FAILURE ############
[nxos_portchannel : Disable feature LACP] 
/Users/dnewswan/code/concurrent_ci/ansible/test/integration/targets/nxos_portchannel/tests/common/sanity.yaml:87

[_ansible_parsed]=> True
[invalid_feature]=> lacp
[_ansible_no_log]=> False
[changed]=> False
[failed]=> True
[invocation]=> {u'module_args': {u'username': None, u'password': None, u'ssh_keyfile': None, u'validate_certs': None, u'feature': u'lacp', u'include_defaults': None, u'state': u'disabled', u'timeout': 60, u'provider': None, u'host': None, u'use_ssl': None, u'save': None, u'config': None, u'port': None, u'transport': u'cli'}}
[features_currently_supported]=> {u'mvpn': u'disabled', u'pim': u'disabled', u'ldp': u'disabled', u'hsrp_engine': u'disabled', u'itd': u'disabled', u'scheduler': u'disabled', u'fabric_mcast': u'disabled', u'glbp': u'disabled', u'private-vlan': u'disabled', u'eth_port_sec': u'disabled', u'mvrp': u'disabled', u'pong': u'disabled', u'dot1x': u'disabled', u'ptp': u'disabled', u'lldp': u'disabled', u'mpls_te': u'disabled', u'evmed': u'disabled', u'elo': u'disabled', u'imp': u'disabled', u'vmtracker': u'disabled', u'interface-vlan': u'disabled', u'cable-management': u'disabled', u'vtp': u'disabled', u'vrrp': u'disabled', u'ldap': u'disabled', u'privilege': u'disabled', u'dhcp': u'disabled', u'sla_responder': u'disabled', u'fabric-access': u'disabled', u'pim6': u'disabled', u'bulkstat': u'disabled', u'vrrpv3': u'disabled', u'wccp': u'disabled', u'rise': u'disabled', u'l3vpn': u'disabled', u'vni': u'disabled', u'onep': u'disabled', u'hmm': u'enabled', u'nve': u'enabled', u'nxapi': u'enabled', u'rip': u'enabled', u'vpc': u'enabled', u'sftpServer': u'disabled', u'netflow': u'disabled', u'l2vpn': u'disabled', u'msdp': u'disabled', u'otv': u'disabled', u'cts': u'disabled', u'smart-channel': u'disabled', u'ngoam': u'disabled', u'isis': u'enabled', u'evc': u'disabled', u'pbr': u'disabled', u'lisp': u'disabled', u'tacacs': u'disabled', u'evb': u'disabled', u'bfd': u'disabled', u'sla_sender': u'disabled', u'ospfv3': u'enabled', u'bgp': u'disabled', u'tunnel': u'disabled', u'eigrp': u'enabled', u'vnseg_vlan': u'disabled', u'msrp': u'disabled', u'scpServer': u'enabled', u'ospf': u'enabled', u'telnetServer': u'enabled', u'sshServer': u'enabled', u'bfd_app': u'disabled'}
[msg]=> Invalid feature name.



############ FAILURE ############
[Has any previous test failed?] 
/Users/dnewswan/code/concurrent_ci/ansible/test/integration/nxos.yaml:293

[msg]=> One or more tests failed, check log for details
[failed]=> True
[changed]=> False
[_ansible_no_log]=> False



Passed: nxos_acl, nxos_bgp, nxos_feature, nxos_acl_interface, nxos_interface, nxos_vrrp, nxos_nxapi, nxos_vrf, nxos_facts, nxos_bgp_neighbor, nxos_system, nxos_bgp_af, nxos_logging, nxos_vtp_domain, nxos_vtp_password, nxos_vxlan_vtep, nxos_interface_ospf, nxos_vlan, nxos_user, nxos_evpn_vni, nxos_rollback, nxos_vrf_interface, nxos_ospf, nxos_switchport, 
Failed: nxos_config, nxos_evpn_global, nxos_vtp_version, nxos_command, nxos_mtu, nxos_portchannel, nxos_banner, 
